UERANSIM v3.2.7
[2025-02-14 14:14:51.357] [nas] [info] UE switches to state [MM-DEREGISTERED/PLMN-SEARCH]
[2025-02-14 14:14:53.559] [nas] [error] PLMN selection failure, no cells in coverage
[2025-02-14 14:14:55.761] [nas] [error] PLMN selection failure, no cells in coverage
[2025-02-14 14:14:56.359] [rrc] [warning] Acceptable cell selection failed, no cell is in coverage
[2025-02-14 14:14:56.359] [rrc] [error] Cell selection failure, no suitable or acceptable cell found
[2025-02-14 14:14:56.862] [nas] [info] UE switches to state [MM-DEREGISTERED/NO-CELL-AVAILABLE]
[2025-02-14 14:15:26.371] [rrc] [warning] Acceptable cell selection failed, no cell is in coverage
[2025-02-14 14:15:26.371] [rrc] [error] Cell selection failure, no suitable or acceptable cell found
[2025-02-14 14:15:26.589] [nas] [error] PLMN selection failure, no cells in coverage
[2025-02-14 14:15:56.383] [rrc] [warning] Acceptable cell selection failed, no cell is in coverage
[2025-02-14 14:15:56.383] [rrc] [error] Cell selection failure, no suitable or acceptable cell found
[2025-02-14 14:15:57.419] [nas] [error] PLMN selection failure, no cells in coverage
[2025-02-14 14:16:26.395] [rrc] [warning] Acceptable cell selection failed, no cell is in coverage
[2025-02-14 14:16:26.395] [rrc] [error] Cell selection failure, no suitable or acceptable cell found
[2025-02-14 14:16:28.247] [nas] [error] PLMN selection failure, no cells in coverage
[2025-02-14 14:16:56.407] [rrc] [warning] Acceptable cell selection failed, no cell is in coverage
[2025-02-14 14:16:56.407] [rrc] [error] Cell selection failure, no suitable or acceptable cell found
[2025-02-14 14:16:59.075] [nas] [error] PLMN selection failure, no cells in coverage
[2025-02-14 14:17:26.420] [rrc] [warning] Acceptable cell selection failed, no cell is in coverage
[2025-02-14 14:17:26.420] [rrc] [error] Cell selection failure, no suitable or acceptable cell found
[2025-02-14 14:17:29.903] [nas] [error] PLMN selection failure, no cells in coverage
[2025-02-14 14:17:56.432] [rrc] [warning] Acceptable cell selection failed, no cell is in coverage
[2025-02-14 14:17:56.432] [rrc] [error] Cell selection failure, no suitable or acceptable cell found
[2025-02-14 14:18:00.733] [nas] [error] PLMN selection failure, no cells in coverage
[2025-02-14 14:18:26.444] [rrc] [warning] Acceptable cell selection failed, no cell is in coverage
[2025-02-14 14:18:26.444] [rrc] [error] Cell selection failure, no suitable or acceptable cell found
[2025-02-14 14:18:31.563] [nas] [error] PLMN selection failure, no cells in coverage
[2025-02-14 14:18:56.456] [rrc] [warning] Acceptable cell selection failed, no cell is in coverage
[2025-02-14 14:18:56.456] [rrc] [error] Cell selection failure, no suitable or acceptable cell found
[2025-02-14 14:19:02.391] [nas] [error] PLMN selection failure, no cells in coverage
[2025-02-14 14:19:26.468] [rrc] [warning] Acceptable cell selection failed, no cell is in coverage
[2025-02-14 14:19:26.468] [rrc] [error] Cell selection failure, no suitable or acceptable cell found
[2025-02-14 14:19:33.220] [nas] [error] PLMN selection failure, no cells in coverage
[2025-02-14 14:19:56.481] [rrc] [warning] Acceptable cell selection failed, no cell is in coverage
[2025-02-14 14:19:56.481] [rrc] [error] Cell selection failure, no suitable or acceptable cell found
[2025-02-14 14:20:04.048] [nas] [error] PLMN selection failure, no cells in coverage
[2025-02-14 14:20:26.495] [rrc] [warning] Acceptable cell selection failed, no cell is in coverage
[2025-02-14 14:20:26.495] [rrc] [error] Cell selection failure, no suitable or acceptable cell found
[2025-02-14 14:20:34.876] [nas] [error] PLMN selection failure, no cells in coverage
[2025-02-14 14:20:56.507] [rrc] [warning] Acceptable cell selection failed, no cell is in coverage
[2025-02-14 14:20:56.507] [rrc] [error] Cell selection failure, no suitable or acceptable cell found
[2025-02-14 14:21:05.707] [nas] [error] PLMN selection failure, no cells in coverage
[2025-02-14 14:21:26.519] [rrc] [warning] Acceptable cell selection failed, no cell is in coverage
[2025-02-14 14:21:26.519] [rrc] [error] Cell selection failure, no suitable or acceptable cell found
[2025-02-14 14:21:36.538] [nas] [error] PLMN selection failure, no cells in coverage
[2025-02-14 14:21:56.531] [rrc] [warning] Acceptable cell selection failed, no cell is in coverage
[2025-02-14 14:21:56.531] [rrc] [error] Cell selection failure, no suitable or acceptable cell found
[2025-02-14 14:22:07.366] [nas] [error] PLMN selection failure, no cells in coverage
[2025-02-14 14:22:26.543] [rrc] [warning] Acceptable cell selection failed, no cell is in coverage
[2025-02-14 14:22:26.543] [rrc] [error] Cell selection failure, no suitable or acceptable cell found
[2025-02-14 14:22:38.194] [nas] [error] PLMN selection failure, no cells in coverage
[2025-02-14 14:22:56.555] [rrc] [warning] Acceptable cell selection failed, no cell is in coverage
[2025-02-14 14:22:56.555] [rrc] [error] Cell selection failure, no suitable or acceptable cell found
[2025-02-14 14:23:09.026] [nas] [error] PLMN selection failure, no cells in coverage
[2025-02-14 14:23:26.567] [rrc] [warning] Acceptable cell selection failed, no cell is in coverage
[2025-02-14 14:23:26.567] [rrc] [error] Cell selection failure, no suitable or acceptable cell found
[2025-02-14 14:23:39.857] [nas] [error] PLMN selection failure, no cells in coverage
[2025-02-14 14:23:56.579] [rrc] [warning] Acceptable cell selection failed, no cell is in coverage
[2025-02-14 14:23:56.579] [rrc] [error] Cell selection failure, no suitable or acceptable cell found
[2025-02-14 14:24:10.685] [nas] [error] PLMN selection failure, no cells in coverage
[2025-02-14 14:24:26.591] [rrc] [warning] Acceptable cell selection failed, no cell is in coverage
[2025-02-14 14:24:26.591] [rrc] [error] Cell selection failure, no suitable or acceptable cell found
[2025-02-14 14:24:41.515] [nas] [error] PLMN selection failure, no cells in coverage
[2025-02-14 14:24:56.603] [rrc] [warning] Acceptable cell selection failed, no cell is in coverage
[2025-02-14 14:24:56.603] [rrc] [error] Cell selection failure, no suitable or acceptable cell found
[2025-02-14 14:25:12.344] [nas] [error] PLMN selection failure, no cells in coverage
[2025-02-14 14:25:26.619] [rrc] [warning] Acceptable cell selection failed, no cell is in coverage
[2025-02-14 14:25:26.619] [rrc] [error] Cell selection failure, no suitable or acceptable cell found
[2025-02-14 14:25:43.172] [nas] [error] PLMN selection failure, no cells in coverage
[2025-02-14 14:25:56.631] [rrc] [warning] Acceptable cell selection failed, no cell is in coverage
[2025-02-14 14:25:56.631] [rrc] [error] Cell selection failure, no suitable or acceptable cell found
[2025-02-14 14:26:14.000] [nas] [error] PLMN selection failure, no cells in coverage
[2025-02-14 14:26:26.643] [rrc] [warning] Acceptable cell selection failed, no cell is in coverage
[2025-02-14 14:26:26.643] [rrc] [error] Cell selection failure, no suitable or acceptable cell found
[2025-02-14 14:26:44.829] [nas] [error] PLMN selection failure, no cells in coverage
[2025-02-14 14:26:56.655] [rrc] [warning] Acceptable cell selection failed, no cell is in coverage
[2025-02-14 14:26:56.655] [rrc] [error] Cell selection failure, no suitable or acceptable cell found
[2025-02-14 14:27:15.658] [nas] [error] PLMN selection failure, no cells in coverage
[2025-02-14 14:27:26.667] [rrc] [warning] Acceptable cell selection failed, no cell is in coverage
[2025-02-14 14:27:26.667] [rrc] [error] Cell selection failure, no suitable or acceptable cell found
[2025-02-14 14:27:46.486] [nas] [error] PLMN selection failure, no cells in coverage
[2025-02-14 14:27:56.681] [rrc] [warning] Acceptable cell selection failed, no cell is in coverage
[2025-02-14 14:27:56.681] [rrc] [error] Cell selection failure, no suitable or acceptable cell found
[2025-02-14 14:28:17.314] [nas] [error] PLMN selection failure, no cells in coverage
[2025-02-14 14:28:26.693] [rrc] [warning] Acceptable cell selection failed, no cell is in coverage
[2025-02-14 14:28:26.693] [rrc] [error] Cell selection failure, no suitable or acceptable cell found
[2025-02-14 14:28:48.142] [nas] [error] PLMN selection failure, no cells in coverage
[2025-02-14 14:28:56.705] [rrc] [warning] Acceptable cell selection failed, no cell is in coverage
[2025-02-14 14:28:56.705] [rrc] [error] Cell selection failure, no suitable or acceptable cell found
[2025-02-14 14:29:18.970] [nas] [error] PLMN selection failure, no cells in coverage
[2025-02-14 14:29:26.717] [rrc] [warning] Acceptable cell selection failed, no cell is in coverage
[2025-02-14 14:29:26.717] [rrc] [error] Cell selection failure, no suitable or acceptable cell found
[2025-02-14 14:29:49.801] [nas] [error] PLMN selection failure, no cells in coverage
[2025-02-14 14:29:56.729] [rrc] [warning] Acceptable cell selection failed, no cell is in coverage
[2025-02-14 14:29:56.729] [rrc] [error] Cell selection failure, no suitable or acceptable cell found
[2025-02-14 14:30:20.632] [nas] [error] PLMN selection failure, no cells in coverage
[2025-02-14 14:30:26.745] [rrc] [warning] Acceptable cell selection failed, no cell is in coverage
[2025-02-14 14:30:26.745] [rrc] [error] Cell selection failure, no suitable or acceptable cell found
[2025-02-14 14:30:51.460] [nas] [error] PLMN selection failure, no cells in coverage
[2025-02-14 14:30:56.757] [rrc] [warning] Acceptable cell selection failed, no cell is in coverage
[2025-02-14 14:30:56.757] [rrc] [error] Cell selection failure, no suitable or acceptable cell found
[2025-02-14 14:31:22.288] [nas] [error] PLMN selection failure, no cells in coverage
[2025-02-14 14:31:26.769] [rrc] [warning] Acceptable cell selection failed, no cell is in coverage
[2025-02-14 14:31:26.769] [rrc] [error] Cell selection failure, no suitable or acceptable cell found
[2025-02-14 14:31:53.116] [nas] [error] PLMN selection failure, no cells in coverage
[2025-02-14 14:31:56.781] [rrc] [warning] Acceptable cell selection failed, no cell is in coverage
[2025-02-14 14:31:56.781] [rrc] [error] Cell selection failure, no suitable or acceptable cell found
[2025-02-14 14:32:23.946] [nas] [error] PLMN selection failure, no cells in coverage
[2025-02-14 14:32:26.793] [rrc] [warning] Acceptable cell selection failed, no cell is in coverage
[2025-02-14 14:32:26.793] [rrc] [error] Cell selection failure, no suitable or acceptable cell found
[2025-02-14 14:32:54.778] [nas] [error] PLMN selection failure, no cells in coverage
[2025-02-14 14:32:56.805] [rrc] [warning] Acceptable cell selection failed, no cell is in coverage
[2025-02-14 14:32:56.805] [rrc] [error] Cell selection failure, no suitable or acceptable cell found
[2025-02-14 14:33:25.606] [nas] [error] PLMN selection failure, no cells in coverage
[2025-02-14 14:33:26.817] [rrc] [warning] Acceptable cell selection failed, no cell is in coverage
[2025-02-14 14:33:26.817] [rrc] [error] Cell selection failure, no suitable or acceptable cell found
[2025-02-14 14:33:56.434] [nas] [error] PLMN selection failure, no cells in coverage
[2025-02-14 14:33:56.829] [rrc] [warning] Acceptable cell selection failed, no cell is in coverage
[2025-02-14 14:33:56.829] [rrc] [error] Cell selection failure, no suitable or acceptable cell found
[2025-02-14 14:34:26.841] [rrc] [warning] Acceptable cell selection failed, no cell is in coverage
[2025-02-14 14:34:26.841] [rrc] [error] Cell selection failure, no suitable or acceptable cell found
[2025-02-14 14:34:27.262] [nas] [error] PLMN selection failure, no cells in coverage
[2025-02-14 14:34:56.853] [rrc] [warning] Acceptable cell selection failed, no cell is in coverage
[2025-02-14 14:34:56.853] [rrc] [error] Cell selection failure, no suitable or acceptable cell found
[2025-02-14 14:34:58.090] [nas] [error] PLMN selection failure, no cells in coverage
[2025-02-14 14:35:26.865] [rrc] [warning] Acceptable cell selection failed, no cell is in coverage
[2025-02-14 14:35:26.865] [rrc] [error] Cell selection failure, no suitable or acceptable cell found
[2025-02-14 14:35:28.918] [nas] [error] PLMN selection failure, no cells in coverage
[2025-02-14 14:35:56.877] [rrc] [warning] Acceptable cell selection failed, no cell is in coverage
[2025-02-14 14:35:56.877] [rrc] [error] Cell selection failure, no suitable or acceptable cell found
[2025-02-14 14:35:59.749] [nas] [error] PLMN selection failure, no cells in coverage
[2025-02-14 14:36:26.889] [rrc] [warning] Acceptable cell selection failed, no cell is in coverage
[2025-02-14 14:36:26.889] [rrc] [error] Cell selection failure, no suitable or acceptable cell found
[2025-02-14 14:36:30.577] [nas] [error] PLMN selection failure, no cells in coverage
[2025-02-14 14:36:56.905] [rrc] [warning] Acceptable cell selection failed, no cell is in coverage
[2025-02-14 14:36:56.905] [rrc] [error] Cell selection failure, no suitable or acceptable cell found
[2025-02-14 14:37:01.405] [nas] [error] PLMN selection failure, no cells in coverage
[2025-02-14 14:37:26.917] [rrc] [warning] Acceptable cell selection failed, no cell is in coverage
[2025-02-14 14:37:26.917] [rrc] [error] Cell selection failure, no suitable or acceptable cell found
[2025-02-14 14:37:32.233] [nas] [error] PLMN selection failure, no cells in coverage
[2025-02-14 14:37:56.934] [rrc] [warning] Acceptable cell selection failed, no cell is in coverage
[2025-02-14 14:37:56.934] [rrc] [error] Cell selection failure, no suitable or acceptable cell found
[2025-02-14 14:38:03.064] [nas] [error] PLMN selection failure, no cells in coverage
[2025-02-14 14:38:26.946] [rrc] [warning] Acceptable cell selection failed, no cell is in coverage
[2025-02-14 14:38:26.946] [rrc] [error] Cell selection failure, no suitable or acceptable cell found
[2025-02-14 14:38:33.892] [nas] [error] PLMN selection failure, no cells in coverage
[2025-02-14 14:38:56.958] [rrc] [warning] Acceptable cell selection failed, no cell is in coverage
[2025-02-14 14:38:56.958] [rrc] [error] Cell selection failure, no suitable or acceptable cell found
[2025-02-14 14:39:04.721] [nas] [error] PLMN selection failure, no cells in coverage
[2025-02-14 14:39:26.970] [rrc] [warning] Acceptable cell selection failed, no cell is in coverage
[2025-02-14 14:39:26.970] [rrc] [error] Cell selection failure, no suitable or acceptable cell found
[2025-02-14 14:39:35.549] [nas] [error] PLMN selection failure, no cells in coverage
[2025-02-14 14:39:56.982] [rrc] [warning] Acceptable cell selection failed, no cell is in coverage
[2025-02-14 14:39:56.982] [rrc] [error] Cell selection failure, no suitable or acceptable cell found
[2025-02-14 14:40:06.377] [nas] [error] PLMN selection failure, no cells in coverage
[2025-02-14 14:40:26.995] [rrc] [warning] Acceptable cell selection failed, no cell is in coverage
[2025-02-14 14:40:26.995] [rrc] [error] Cell selection failure, no suitable or acceptable cell found
[2025-02-14 14:40:37.205] [nas] [error] PLMN selection failure, no cells in coverage
[2025-02-14 14:40:57.007] [rrc] [warning] Acceptable cell selection failed, no cell is in coverage
[2025-02-14 14:40:57.007] [rrc] [error] Cell selection failure, no suitable or acceptable cell found
[2025-02-14 14:41:08.034] [nas] [error] PLMN selection failure, no cells in coverage
[2025-02-14 14:41:27.021] [rrc] [warning] Acceptable cell selection failed, no cell is in coverage
[2025-02-14 14:41:27.021] [rrc] [error] Cell selection failure, no suitable or acceptable cell found
[2025-02-14 14:41:38.863] [nas] [error] PLMN selection failure, no cells in coverage
[2025-02-14 14:41:57.039] [rrc] [warning] Acceptable cell selection failed, no cell is in coverage
[2025-02-14 14:41:57.039] [rrc] [error] Cell selection failure, no suitable or acceptable cell found
[2025-02-14 14:42:09.691] [nas] [error] PLMN selection failure, no cells in coverage
[2025-02-14 14:42:27.051] [rrc] [warning] Acceptable cell selection failed, no cell is in coverage
[2025-02-14 14:42:27.051] [rrc] [error] Cell selection failure, no suitable or acceptable cell found
[2025-02-14 14:42:40.519] [nas] [error] PLMN selection failure, no cells in coverage
[2025-02-14 14:42:57.063] [rrc] [warning] Acceptable cell selection failed, no cell is in coverage
[2025-02-14 14:42:57.063] [rrc] [error] Cell selection failure, no suitable or acceptable cell found
[2025-02-14 14:43:11.347] [nas] [error] PLMN selection failure, no cells in coverage
[2025-02-14 14:43:27.078] [rrc] [warning] Acceptable cell selection failed, no cell is in coverage
[2025-02-14 14:43:27.078] [rrc] [error] Cell selection failure, no suitable or acceptable cell found
[2025-02-14 14:43:42.178] [nas] [error] PLMN selection failure, no cells in coverage
[2025-02-14 14:43:57.090] [rrc] [warning] Acceptable cell selection failed, no cell is in coverage
[2025-02-14 14:43:57.090] [rrc] [error] Cell selection failure, no suitable or acceptable cell found
[2025-02-14 14:44:13.006] [nas] [error] PLMN selection failure, no cells in coverage
[2025-02-14 14:44:27.102] [rrc] [warning] Acceptable cell selection failed, no cell is in coverage
[2025-02-14 14:44:27.102] [rrc] [error] Cell selection failure, no suitable or acceptable cell found
[2025-02-14 14:44:43.835] [nas] [error] PLMN selection failure, no cells in coverage
[2025-02-14 14:44:57.114] [rrc] [warning] Acceptable cell selection failed, no cell is in coverage
[2025-02-14 14:44:57.114] [rrc] [error] Cell selection failure, no suitable or acceptable cell found
[2025-02-14 14:45:14.663] [nas] [error] PLMN selection failure, no cells in coverage
[2025-02-14 14:45:27.126] [rrc] [warning] Acceptable cell selection failed, no cell is in coverage
[2025-02-14 14:45:27.126] [rrc] [error] Cell selection failure, no suitable or acceptable cell found
[2025-02-14 14:45:45.494] [nas] [error] PLMN selection failure, no cells in coverage
[2025-02-14 14:45:57.138] [rrc] [warning] Acceptable cell selection failed, no cell is in coverage
[2025-02-14 14:45:57.138] [rrc] [error] Cell selection failure, no suitable or acceptable cell found
[2025-02-14 14:46:16.325] [nas] [error] PLMN selection failure, no cells in coverage
[2025-02-14 14:46:27.150] [rrc] [warning] Acceptable cell selection failed, no cell is in coverage
[2025-02-14 14:46:27.150] [rrc] [error] Cell selection failure, no suitable or acceptable cell found
[2025-02-14 14:46:47.153] [nas] [error] PLMN selection failure, no cells in coverage
[2025-02-14 14:46:57.162] [rrc] [warning] Acceptable cell selection failed, no cell is in coverage
[2025-02-14 14:46:57.162] [rrc] [error] Cell selection failure, no suitable or acceptable cell found
[2025-02-14 14:47:17.981] [nas] [error] PLMN selection failure, no cells in coverage
[2025-02-14 14:47:27.174] [rrc] [warning] Acceptable cell selection failed, no cell is in coverage
[2025-02-14 14:47:27.174] [rrc] [error] Cell selection failure, no suitable or acceptable cell found
[2025-02-14 14:47:48.812] [nas] [error] PLMN selection failure, no cells in coverage
[2025-02-14 14:47:57.186] [rrc] [warning] Acceptable cell selection failed, no cell is in coverage
[2025-02-14 14:47:57.186] [rrc] [error] Cell selection failure, no suitable or acceptable cell found
[2025-02-14 14:48:19.641] [nas] [error] PLMN selection failure, no cells in coverage
[2025-02-14 14:48:27.198] [rrc] [warning] Acceptable cell selection failed, no cell is in coverage
[2025-02-14 14:48:27.198] [rrc] [error] Cell selection failure, no suitable or acceptable cell found
[2025-02-14 14:48:50.469] [nas] [error] PLMN selection failure, no cells in coverage
[2025-02-14 14:48:57.210] [rrc] [warning] Acceptable cell selection failed, no cell is in coverage
[2025-02-14 14:48:57.210] [rrc] [error] Cell selection failure, no suitable or acceptable cell found
[2025-02-14 14:49:21.300] [nas] [error] PLMN selection failure, no cells in coverage
[2025-02-14 14:49:27.223] [rrc] [warning] Acceptable cell selection failed, no cell is in coverage
[2025-02-14 14:49:27.223] [rrc] [error] Cell selection failure, no suitable or acceptable cell found
[2025-02-14 14:49:52.129] [nas] [error] PLMN selection failure, no cells in coverage
[2025-02-14 14:49:57.235] [rrc] [warning] Acceptable cell selection failed, no cell is in coverage
[2025-02-14 14:49:57.235] [rrc] [error] Cell selection failure, no suitable or acceptable cell found
[2025-02-14 14:50:22.957] [nas] [error] PLMN selection failure, no cells in coverage
[2025-02-14 14:50:27.247] [rrc] [warning] Acceptable cell selection failed, no cell is in coverage
[2025-02-14 14:50:27.247] [rrc] [error] Cell selection failure, no suitable or acceptable cell found
[2025-02-14 14:50:53.785] [nas] [error] PLMN selection failure, no cells in coverage
[2025-02-14 14:50:57.262] [rrc] [warning] Acceptable cell selection failed, no cell is in coverage
[2025-02-14 14:50:57.262] [rrc] [error] Cell selection failure, no suitable or acceptable cell found
[2025-02-14 14:51:24.616] [nas] [error] PLMN selection failure, no cells in coverage
[2025-02-14 14:51:27.274] [rrc] [warning] Acceptable cell selection failed, no cell is in coverage
[2025-02-14 14:51:27.274] [rrc] [error] Cell selection failure, no suitable or acceptable cell found
[2025-02-14 14:51:55.444] [nas] [error] PLMN selection failure, no cells in coverage
[2025-02-14 14:51:57.286] [rrc] [warning] Acceptable cell selection failed, no cell is in coverage
[2025-02-14 14:51:57.286] [rrc] [error] Cell selection failure, no suitable or acceptable cell found
[2025-02-14 14:52:26.272] [nas] [error] PLMN selection failure, no cells in coverage
[2025-02-14 14:52:27.298] [rrc] [warning] Acceptable cell selection failed, no cell is in coverage
[2025-02-14 14:52:27.298] [rrc] [error] Cell selection failure, no suitable or acceptable cell found
[2025-02-14 14:52:57.103] [nas] [error] PLMN selection failure, no cells in coverage
[2025-02-14 14:52:57.310] [rrc] [warning] Acceptable cell selection failed, no cell is in coverage
[2025-02-14 14:52:57.310] [rrc] [error] Cell selection failure, no suitable or acceptable cell found
[2025-02-14 14:53:27.324] [rrc] [warning] Acceptable cell selection failed, no cell is in coverage
[2025-02-14 14:53:27.324] [rrc] [error] Cell selection failure, no suitable or acceptable cell found
[2025-02-14 14:53:27.931] [nas] [error] PLMN selection failure, no cells in coverage
[2025-02-14 14:53:57.336] [rrc] [warning] Acceptable cell selection failed, no cell is in coverage
[2025-02-14 14:53:57.336] [rrc] [error] Cell selection failure, no suitable or acceptable cell found
[2025-02-14 14:53:58.759] [nas] [error] PLMN selection failure, no cells in coverage
[2025-02-14 14:54:27.348] [rrc] [warning] Acceptable cell selection failed, no cell is in coverage
[2025-02-14 14:54:27.348] [rrc] [error] Cell selection failure, no suitable or acceptable cell found
[2025-02-14 14:54:29.587] [nas] [error] PLMN selection failure, no cells in coverage
[2025-02-14 14:54:57.360] [rrc] [warning] Acceptable cell selection failed, no cell is in coverage
[2025-02-14 14:54:57.360] [rrc] [error] Cell selection failure, no suitable or acceptable cell found
[2025-02-14 14:55:00.415] [nas] [error] PLMN selection failure, no cells in coverage
[2025-02-14 14:55:27.372] [rrc] [warning] Acceptable cell selection failed, no cell is in coverage
[2025-02-14 14:55:27.372] [rrc] [error] Cell selection failure, no suitable or acceptable cell found
[2025-02-14 14:55:31.243] [nas] [error] PLMN selection failure, no cells in coverage
[2025-02-14 14:55:57.384] [rrc] [warning] Acceptable cell selection failed, no cell is in coverage
[2025-02-14 14:55:57.384] [rrc] [error] Cell selection failure, no suitable or acceptable cell found
[2025-02-14 14:56:02.074] [nas] [error] PLMN selection failure, no cells in coverage
[2025-02-14 14:56:27.399] [rrc] [warning] Acceptable cell selection failed, no cell is in coverage
[2025-02-14 14:56:27.399] [rrc] [error] Cell selection failure, no suitable or acceptable cell found
[2025-02-14 14:56:32.902] [nas] [error] PLMN selection failure, no cells in coverage
[2025-02-14 14:56:57.411] [rrc] [warning] Acceptable cell selection failed, no cell is in coverage
[2025-02-14 14:56:57.411] [rrc] [error] Cell selection failure, no suitable or acceptable cell found
[2025-02-14 14:57:03.730] [nas] [error] PLMN selection failure, no cells in coverage
[2025-02-14 14:57:27.423] [rrc] [warning] Acceptable cell selection failed, no cell is in coverage
[2025-02-14 14:57:27.423] [rrc] [error] Cell selection failure, no suitable or acceptable cell found
[2025-02-14 14:57:34.558] [nas] [error] PLMN selection failure, no cells in coverage
[2025-02-14 14:57:57.435] [rrc] [warning] Acceptable cell selection failed, no cell is in coverage
[2025-02-14 14:57:57.435] [rrc] [error] Cell selection failure, no suitable or acceptable cell found
[2025-02-14 14:58:05.386] [nas] [error] PLMN selection failure, no cells in coverage
[2025-02-14 14:58:27.447] [rrc] [warning] Acceptable cell selection failed, no cell is in coverage
[2025-02-14 14:58:27.447] [rrc] [error] Cell selection failure, no suitable or acceptable cell found
[2025-02-14 14:58:36.217] [nas] [error] PLMN selection failure, no cells in coverage
[2025-02-14 14:58:57.459] [rrc] [warning] Acceptable cell selection failed, no cell is in coverage
[2025-02-14 14:58:57.459] [rrc] [error] Cell selection failure, no suitable or acceptable cell found
[2025-02-14 14:59:07.047] [nas] [error] PLMN selection failure, no cells in coverage
[2025-02-14 14:59:27.471] [rrc] [warning] Acceptable cell selection failed, no cell is in coverage
[2025-02-14 14:59:27.471] [rrc] [error] Cell selection failure, no suitable or acceptable cell found
[2025-02-14 14:59:37.877] [nas] [error] PLMN selection failure, no cells in coverage
[2025-02-14 14:59:57.483] [rrc] [warning] Acceptable cell selection failed, no cell is in coverage
[2025-02-14 14:59:57.483] [rrc] [error] Cell selection failure, no suitable or acceptable cell found
[2025-02-14 15:00:08.705] [nas] [error] PLMN selection failure, no cells in coverage
[2025-02-14 15:00:27.495] [rrc] [warning] Acceptable cell selection failed, no cell is in coverage
[2025-02-14 15:00:27.495] [rrc] [error] Cell selection failure, no suitable or acceptable cell found
[2025-02-14 15:00:39.533] [nas] [error] PLMN selection failure, no cells in coverage
[2025-02-14 15:00:57.507] [rrc] [warning] Acceptable cell selection failed, no cell is in coverage
[2025-02-14 15:00:57.507] [rrc] [error] Cell selection failure, no suitable or acceptable cell found
[2025-02-14 15:01:10.361] [nas] [error] PLMN selection failure, no cells in coverage
[2025-02-14 15:01:27.520] [rrc] [warning] Acceptable cell selection failed, no cell is in coverage
[2025-02-14 15:01:27.520] [rrc] [error] Cell selection failure, no suitable or acceptable cell found
[2025-02-14 15:01:41.189] [nas] [error] PLMN selection failure, no cells in coverage
[2025-02-14 15:01:57.532] [rrc] [warning] Acceptable cell selection failed, no cell is in coverage
[2025-02-14 15:01:57.532] [rrc] [error] Cell selection failure, no suitable or acceptable cell found
[2025-02-14 15:02:12.017] [nas] [error] PLMN selection failure, no cells in coverage
[2025-02-14 15:02:27.544] [rrc] [warning] Acceptable cell selection failed, no cell is in coverage
[2025-02-14 15:02:27.544] [rrc] [error] Cell selection failure, no suitable or acceptable cell found
[2025-02-14 15:02:42.845] [nas] [error] PLMN selection failure, no cells in coverage
[2025-02-14 15:02:57.556] [rrc] [warning] Acceptable cell selection failed, no cell is in coverage
[2025-02-14 15:02:57.556] [rrc] [error] Cell selection failure, no suitable or acceptable cell found
[2025-02-14 15:03:13.673] [nas] [error] PLMN selection failure, no cells in coverage
[2025-02-14 15:03:27.568] [rrc] [warning] Acceptable cell selection failed, no cell is in coverage
[2025-02-14 15:03:27.568] [rrc] [error] Cell selection failure, no suitable or acceptable cell found
[2025-02-14 15:03:44.503] [nas] [error] PLMN selection failure, no cells in coverage
[2025-02-14 15:03:57.580] [rrc] [warning] Acceptable cell selection failed, no cell is in coverage
[2025-02-14 15:03:57.580] [rrc] [error] Cell selection failure, no suitable or acceptable cell found
[2025-02-14 15:04:15.331] [nas] [error] PLMN selection failure, no cells in coverage
[2025-02-14 15:04:27.592] [rrc] [warning] Acceptable cell selection failed, no cell is in coverage
[2025-02-14 15:04:27.592] [rrc] [error] Cell selection failure, no suitable or acceptable cell found
[2025-02-14 15:04:46.159] [nas] [error] PLMN selection failure, no cells in coverage
[2025-02-14 15:04:57.604] [rrc] [warning] Acceptable cell selection failed, no cell is in coverage
[2025-02-14 15:04:57.604] [rrc] [error] Cell selection failure, no suitable or acceptable cell found
[2025-02-14 15:05:16.988] [nas] [error] PLMN selection failure, no cells in coverage
[2025-02-14 15:05:27.619] [rrc] [warning] Acceptable cell selection failed, no cell is in coverage
[2025-02-14 15:05:27.619] [rrc] [error] Cell selection failure, no suitable or acceptable cell found
[2025-02-14 15:05:47.818] [nas] [error] PLMN selection failure, no cells in coverage
[2025-02-14 15:05:57.631] [rrc] [warning] Acceptable cell selection failed, no cell is in coverage
[2025-02-14 15:05:57.631] [rrc] [error] Cell selection failure, no suitable or acceptable cell found
[2025-02-14 15:06:18.649] [nas] [error] PLMN selection failure, no cells in coverage
[2025-02-14 15:06:27.643] [rrc] [warning] Acceptable cell selection failed, no cell is in coverage
[2025-02-14 15:06:27.643] [rrc] [error] Cell selection failure, no suitable or acceptable cell found
[2025-02-14 15:06:49.479] [nas] [error] PLMN selection failure, no cells in coverage
[2025-02-14 15:06:57.655] [rrc] [warning] Acceptable cell selection failed, no cell is in coverage
[2025-02-14 15:06:57.655] [rrc] [error] Cell selection failure, no suitable or acceptable cell found
[2025-02-14 15:07:20.307] [nas] [error] PLMN selection failure, no cells in coverage
[2025-02-14 15:07:27.667] [rrc] [warning] Acceptable cell selection failed, no cell is in coverage
[2025-02-14 15:07:27.667] [rrc] [error] Cell selection failure, no suitable or acceptable cell found
[2025-02-14 15:07:51.135] [nas] [error] PLMN selection failure, no cells in coverage
[2025-02-14 15:07:57.679] [rrc] [warning] Acceptable cell selection failed, no cell is in coverage
[2025-02-14 15:07:57.679] [rrc] [error] Cell selection failure, no suitable or acceptable cell found
[2025-02-14 15:08:21.963] [nas] [error] PLMN selection failure, no cells in coverage
[2025-02-14 15:08:27.691] [rrc] [warning] Acceptable cell selection failed, no cell is in coverage
[2025-02-14 15:08:27.691] [rrc] [error] Cell selection failure, no suitable or acceptable cell found
[2025-02-14 15:08:52.791] [nas] [error] PLMN selection failure, no cells in coverage
[2025-02-14 15:08:57.703] [rrc] [warning] Acceptable cell selection failed, no cell is in coverage
[2025-02-14 15:08:57.703] [rrc] [error] Cell selection failure, no suitable or acceptable cell found
[2025-02-14 15:09:23.621] [nas] [error] PLMN selection failure, no cells in coverage
[2025-02-14 15:09:27.715] [rrc] [warning] Acceptable cell selection failed, no cell is in coverage
[2025-02-14 15:09:27.715] [rrc] [error] Cell selection failure, no suitable or acceptable cell found
[2025-02-14 15:09:54.449] [nas] [error] PLMN selection failure, no cells in coverage
[2025-02-14 15:09:57.727] [rrc] [warning] Acceptable cell selection failed, no cell is in coverage
[2025-02-14 15:09:57.727] [rrc] [error] Cell selection failure, no suitable or acceptable cell found
[2025-02-14 15:10:25.280] [nas] [error] PLMN selection failure, no cells in coverage
[2025-02-14 15:10:27.739] [rrc] [warning] Acceptable cell selection failed, no cell is in coverage
[2025-02-14 15:10:27.739] [rrc] [error] Cell selection failure, no suitable or acceptable cell found
[2025-02-14 15:10:56.108] [nas] [error] PLMN selection failure, no cells in coverage
[2025-02-14 15:10:57.751] [rrc] [warning] Acceptable cell selection failed, no cell is in coverage
[2025-02-14 15:10:57.751] [rrc] [error] Cell selection failure, no suitable or acceptable cell found
[2025-02-14 15:11:26.936] [nas] [error] PLMN selection failure, no cells in coverage
[2025-02-14 15:11:27.763] [rrc] [warning] Acceptable cell selection failed, no cell is in coverage
[2025-02-14 15:11:27.763] [rrc] [error] Cell selection failure, no suitable or acceptable cell found
[2025-02-14 15:11:57.764] [nas] [error] PLMN selection failure, no cells in coverage
[2025-02-14 15:11:57.776] [rrc] [warning] Acceptable cell selection failed, no cell is in coverage
[2025-02-14 15:11:57.776] [rrc] [error] Cell selection failure, no suitable or acceptable cell found
[2025-02-14 15:12:27.792] [rrc] [warning] Acceptable cell selection failed, no cell is in coverage
[2025-02-14 15:12:27.792] [rrc] [error] Cell selection failure, no suitable or acceptable cell found
[2025-02-14 15:12:28.593] [nas] [error] PLMN selection failure, no cells in coverage
[2025-02-14 15:12:57.804] [rrc] [warning] Acceptable cell selection failed, no cell is in coverage
[2025-02-14 15:12:57.804] [rrc] [error] Cell selection failure, no suitable or acceptable cell found
[2025-02-14 15:12:59.423] [nas] [error] PLMN selection failure, no cells in coverage
[2025-02-14 15:13:27.818] [rrc] [warning] Acceptable cell selection failed, no cell is in coverage
[2025-02-14 15:13:27.818] [rrc] [error] Cell selection failure, no suitable or acceptable cell found
[2025-02-14 15:13:30.253] [nas] [error] PLMN selection failure, no cells in coverage
[2025-02-14 15:13:57.830] [rrc] [warning] Acceptable cell selection failed, no cell is in coverage
[2025-02-14 15:13:57.830] [rrc] [error] Cell selection failure, no suitable or acceptable cell found
[2025-02-14 15:14:01.081] [nas] [error] PLMN selection failure, no cells in coverage
[2025-02-14 15:14:27.847] [rrc] [warning] Acceptable cell selection failed, no cell is in coverage
[2025-02-14 15:14:27.847] [rrc] [error] Cell selection failure, no suitable or acceptable cell found
[2025-02-14 15:14:31.911] [nas] [error] PLMN selection failure, no cells in coverage
[2025-02-14 15:14:57.859] [rrc] [warning] Acceptable cell selection failed, no cell is in coverage
[2025-02-14 15:14:57.859] [rrc] [error] Cell selection failure, no suitable or acceptable cell found
[2025-02-14 15:15:02.739] [nas] [error] PLMN selection failure, no cells in coverage
[2025-02-14 15:15:27.871] [rrc] [warning] Acceptable cell selection failed, no cell is in coverage
[2025-02-14 15:15:27.871] [rrc] [error] Cell selection failure, no suitable or acceptable cell found
[2025-02-14 15:15:33.567] [nas] [error] PLMN selection failure, no cells in coverage
[2025-02-14 15:15:57.883] [rrc] [warning] Acceptable cell selection failed, no cell is in coverage
[2025-02-14 15:15:57.883] [rrc] [error] Cell selection failure, no suitable or acceptable cell found
[2025-02-14 15:16:04.395] [nas] [error] PLMN selection failure, no cells in coverage
[2025-02-14 15:16:27.895] [rrc] [warning] Acceptable cell selection failed, no cell is in coverage
[2025-02-14 15:16:27.895] [rrc] [error] Cell selection failure, no suitable or acceptable cell found
[2025-02-14 15:16:35.223] [nas] [error] PLMN selection failure, no cells in coverage
[2025-02-14 15:16:57.907] [rrc] [warning] Acceptable cell selection failed, no cell is in coverage
[2025-02-14 15:16:57.907] [rrc] [error] Cell selection failure, no suitable or acceptable cell found
[2025-02-14 15:17:06.051] [nas] [error] PLMN selection failure, no cells in coverage
[2025-02-14 15:17:27.919] [rrc] [warning] Acceptable cell selection failed, no cell is in coverage
[2025-02-14 15:17:27.919] [rrc] [error] Cell selection failure, no suitable or acceptable cell found
[2025-02-14 15:17:36.879] [nas] [error] PLMN selection failure, no cells in coverage
[2025-02-14 15:17:57.932] [rrc] [warning] Acceptable cell selection failed, no cell is in coverage
[2025-02-14 15:17:57.932] [rrc] [error] Cell selection failure, no suitable or acceptable cell found
[2025-02-14 15:18:07.707] [nas] [error] PLMN selection failure, no cells in coverage
[2025-02-14 15:18:27.944] [rrc] [warning] Acceptable cell selection failed, no cell is in coverage
[2025-02-14 15:18:27.944] [rrc] [error] Cell selection failure, no suitable or acceptable cell found
[2025-02-14 15:18:38.535] [nas] [error] PLMN selection failure, no cells in coverage
[2025-02-14 15:18:57.956] [rrc] [warning] Acceptable cell selection failed, no cell is in coverage
[2025-02-14 15:18:57.956] [rrc] [error] Cell selection failure, no suitable or acceptable cell found
[2025-02-14 15:19:09.363] [nas] [error] PLMN selection failure, no cells in coverage
[2025-02-14 15:19:27.968] [rrc] [warning] Acceptable cell selection failed, no cell is in coverage
[2025-02-14 15:19:27.968] [rrc] [error] Cell selection failure, no suitable or acceptable cell found
[2025-02-14 15:19:40.191] [nas] [error] PLMN selection failure, no cells in coverage
[2025-02-14 15:19:57.980] [rrc] [warning] Acceptable cell selection failed, no cell is in coverage
[2025-02-14 15:19:57.980] [rrc] [error] Cell selection failure, no suitable or acceptable cell found
[2025-02-14 15:20:11.019] [nas] [error] PLMN selection failure, no cells in coverage
[2025-02-14 15:20:27.992] [rrc] [warning] Acceptable cell selection failed, no cell is in coverage
[2025-02-14 15:20:27.992] [rrc] [error] Cell selection failure, no suitable or acceptable cell found
[2025-02-14 15:20:41.847] [nas] [error] PLMN selection failure, no cells in coverage
[2025-02-14 15:20:58.004] [rrc] [warning] Acceptable cell selection failed, no cell is in coverage
[2025-02-14 15:20:58.004] [rrc] [error] Cell selection failure, no suitable or acceptable cell found
[2025-02-14 15:21:12.678] [nas] [error] PLMN selection failure, no cells in coverage
[2025-02-14 15:21:28.017] [rrc] [warning] Acceptable cell selection failed, no cell is in coverage
[2025-02-14 15:21:28.017] [rrc] [error] Cell selection failure, no suitable or acceptable cell found
[2025-02-14 15:21:43.506] [nas] [error] PLMN selection failure, no cells in coverage
[2025-02-14 15:21:58.029] [rrc] [warning] Acceptable cell selection failed, no cell is in coverage
[2025-02-14 15:21:58.029] [rrc] [error] Cell selection failure, no suitable or acceptable cell found
[2025-02-14 15:22:14.334] [nas] [error] PLMN selection failure, no cells in coverage
[2025-02-14 15:22:28.042] [rrc] [warning] Acceptable cell selection failed, no cell is in coverage
[2025-02-14 15:22:28.042] [rrc] [error] Cell selection failure, no suitable or acceptable cell found
[2025-02-14 15:22:45.165] [nas] [error] PLMN selection failure, no cells in coverage
[2025-02-14 15:22:58.054] [rrc] [warning] Acceptable cell selection failed, no cell is in coverage
[2025-02-14 15:22:58.054] [rrc] [error] Cell selection failure, no suitable or acceptable cell found
[2025-02-14 15:23:15.993] [nas] [error] PLMN selection failure, no cells in coverage
[2025-02-14 15:23:28.066] [rrc] [warning] Acceptable cell selection failed, no cell is in coverage
[2025-02-14 15:23:28.066] [rrc] [error] Cell selection failure, no suitable or acceptable cell found
[2025-02-14 15:23:46.825] [nas] [error] PLMN selection failure, no cells in coverage
[2025-02-14 15:23:58.078] [rrc] [warning] Acceptable cell selection failed, no cell is in coverage
[2025-02-14 15:23:58.078] [rrc] [error] Cell selection failure, no suitable or acceptable cell found
[2025-02-14 15:24:17.653] [nas] [error] PLMN selection failure, no cells in coverage
[2025-02-14 15:24:28.090] [rrc] [warning] Acceptable cell selection failed, no cell is in coverage
[2025-02-14 15:24:28.090] [rrc] [error] Cell selection failure, no suitable or acceptable cell found
[2025-02-14 15:24:48.481] [nas] [error] PLMN selection failure, no cells in coverage
[2025-02-14 15:24:58.105] [rrc] [warning] Acceptable cell selection failed, no cell is in coverage
[2025-02-14 15:24:58.105] [rrc] [error] Cell selection failure, no suitable or acceptable cell found
[2025-02-14 15:25:19.312] [nas] [error] PLMN selection failure, no cells in coverage
[2025-02-14 15:25:28.117] [rrc] [warning] Acceptable cell selection failed, no cell is in coverage
[2025-02-14 15:25:28.117] [rrc] [error] Cell selection failure, no suitable or acceptable cell found
[2025-02-14 15:25:50.140] [nas] [error] PLMN selection failure, no cells in coverage
[2025-02-14 15:25:58.129] [rrc] [warning] Acceptable cell selection failed, no cell is in coverage
[2025-02-14 15:25:58.129] [rrc] [error] Cell selection failure, no suitable or acceptable cell found
[2025-02-14 15:26:20.971] [nas] [error] PLMN selection failure, no cells in coverage
[2025-02-14 15:26:28.141] [rrc] [warning] Acceptable cell selection failed, no cell is in coverage
[2025-02-14 15:26:28.141] [rrc] [error] Cell selection failure, no suitable or acceptable cell found
[2025-02-14 15:26:51.799] [nas] [error] PLMN selection failure, no cells in coverage
[2025-02-14 15:26:58.153] [rrc] [warning] Acceptable cell selection failed, no cell is in coverage
[2025-02-14 15:26:58.153] [rrc] [error] Cell selection failure, no suitable or acceptable cell found
[2025-02-14 15:27:22.627] [nas] [error] PLMN selection failure, no cells in coverage
[2025-02-14 15:27:28.168] [rrc] [warning] Acceptable cell selection failed, no cell is in coverage
[2025-02-14 15:27:28.168] [rrc] [error] Cell selection failure, no suitable or acceptable cell found
[2025-02-14 15:27:53.455] [nas] [error] PLMN selection failure, no cells in coverage
[2025-02-14 15:27:58.180] [rrc] [warning] Acceptable cell selection failed, no cell is in coverage
[2025-02-14 15:27:58.180] [rrc] [error] Cell selection failure, no suitable or acceptable cell found
[2025-02-14 15:28:24.283] [nas] [error] PLMN selection failure, no cells in coverage
[2025-02-14 15:28:28.194] [rrc] [warning] Acceptable cell selection failed, no cell is in coverage
[2025-02-14 15:28:28.194] [rrc] [error] Cell selection failure, no suitable or acceptable cell found
[2025-02-14 15:28:55.111] [nas] [error] PLMN selection failure, no cells in coverage
[2025-02-14 15:28:58.206] [rrc] [warning] Acceptable cell selection failed, no cell is in coverage
[2025-02-14 15:28:58.206] [rrc] [error] Cell selection failure, no suitable or acceptable cell found
[2025-02-14 15:29:25.941] [nas] [error] PLMN selection failure, no cells in coverage
[2025-02-14 15:29:28.218] [rrc] [warning] Acceptable cell selection failed, no cell is in coverage
[2025-02-14 15:29:28.218] [rrc] [error] Cell selection failure, no suitable or acceptable cell found
[2025-02-14 15:29:56.769] [nas] [error] PLMN selection failure, no cells in coverage
[2025-02-14 15:29:58.230] [rrc] [warning] Acceptable cell selection failed, no cell is in coverage
[2025-02-14 15:29:58.230] [rrc] [error] Cell selection failure, no suitable or acceptable cell found
[2025-02-14 15:30:27.597] [nas] [error] PLMN selection failure, no cells in coverage
[2025-02-14 15:30:28.242] [rrc] [warning] Acceptable cell selection failed, no cell is in coverage
[2025-02-14 15:30:28.242] [rrc] [error] Cell selection failure, no suitable or acceptable cell found
[2025-02-14 15:30:58.254] [rrc] [warning] Acceptable cell selection failed, no cell is in coverage
[2025-02-14 15:30:58.254] [rrc] [error] Cell selection failure, no suitable or acceptable cell found
[2025-02-14 15:30:58.425] [nas] [error] PLMN selection failure, no cells in coverage
[2025-02-14 15:31:28.266] [rrc] [warning] Acceptable cell selection failed, no cell is in coverage
[2025-02-14 15:31:28.266] [rrc] [error] Cell selection failure, no suitable or acceptable cell found
[2025-02-14 15:31:29.253] [nas] [error] PLMN selection failure, no cells in coverage
[2025-02-14 15:31:58.278] [rrc] [warning] Acceptable cell selection failed, no cell is in coverage
[2025-02-14 15:31:58.278] [rrc] [error] Cell selection failure, no suitable or acceptable cell found
[2025-02-14 15:32:00.081] [nas] [error] PLMN selection failure, no cells in coverage
[2025-02-14 15:32:28.290] [rrc] [warning] Acceptable cell selection failed, no cell is in coverage
[2025-02-14 15:32:28.290] [rrc] [error] Cell selection failure, no suitable or acceptable cell found
[2025-02-14 15:32:30.909] [nas] [error] PLMN selection failure, no cells in coverage
[2025-02-14 15:32:58.303] [rrc] [warning] Acceptable cell selection failed, no cell is in coverage
[2025-02-14 15:32:58.303] [rrc] [error] Cell selection failure, no suitable or acceptable cell found
[2025-02-14 15:33:01.737] [nas] [error] PLMN selection failure, no cells in coverage
[2025-02-14 15:33:28.315] [rrc] [warning] Acceptable cell selection failed, no cell is in coverage
[2025-02-14 15:33:28.315] [rrc] [error] Cell selection failure, no suitable or acceptable cell found
[2025-02-14 15:33:32.565] [nas] [error] PLMN selection failure, no cells in coverage
[2025-02-14 15:33:58.327] [rrc] [warning] Acceptable cell selection failed, no cell is in coverage
[2025-02-14 15:33:58.327] [rrc] [error] Cell selection failure, no suitable or acceptable cell found
[2025-02-14 15:34:03.393] [nas] [error] PLMN selection failure, no cells in coverage
[2025-02-14 15:34:28.339] [rrc] [warning] Acceptable cell selection failed, no cell is in coverage
[2025-02-14 15:34:28.339] [rrc] [error] Cell selection failure, no suitable or acceptable cell found
[2025-02-14 15:34:34.221] [nas] [error] PLMN selection failure, no cells in coverage
[2025-02-14 15:34:58.351] [rrc] [warning] Acceptable cell selection failed, no cell is in coverage
[2025-02-14 15:34:58.351] [rrc] [error] Cell selection failure, no suitable or acceptable cell found
[2025-02-14 15:35:05.052] [nas] [error] PLMN selection failure, no cells in coverage
[2025-02-14 15:35:28.364] [rrc] [warning] Acceptable cell selection failed, no cell is in coverage
[2025-02-14 15:35:28.364] [rrc] [error] Cell selection failure, no suitable or acceptable cell found
[2025-02-14 15:35:35.880] [nas] [error] PLMN selection failure, no cells in coverage
[2025-02-14 15:35:58.379] [rrc] [warning] Acceptable cell selection failed, no cell is in coverage
[2025-02-14 15:35:58.379] [rrc] [error] Cell selection failure, no suitable or acceptable cell found
[2025-02-14 15:36:06.711] [nas] [error] PLMN selection failure, no cells in coverage
[2025-02-14 15:36:28.391] [rrc] [warning] Acceptable cell selection failed, no cell is in coverage
[2025-02-14 15:36:28.391] [rrc] [error] Cell selection failure, no suitable or acceptable cell found
[2025-02-14 15:36:37.539] [nas] [error] PLMN selection failure, no cells in coverage
[2025-02-14 15:36:58.404] [rrc] [warning] Acceptable cell selection failed, no cell is in coverage
[2025-02-14 15:36:58.404] [rrc] [error] Cell selection failure, no suitable or acceptable cell found
[2025-02-14 15:37:08.367] [nas] [error] PLMN selection failure, no cells in coverage
[2025-02-14 15:37:28.416] [rrc] [warning] Acceptable cell selection failed, no cell is in coverage
[2025-02-14 15:37:28.416] [rrc] [error] Cell selection failure, no suitable or acceptable cell found
[2025-02-14 15:37:39.195] [nas] [error] PLMN selection failure, no cells in coverage
[2025-02-14 15:37:58.428] [rrc] [warning] Acceptable cell selection failed, no cell is in coverage
[2025-02-14 15:37:58.428] [rrc] [error] Cell selection failure, no suitable or acceptable cell found
[2025-02-14 15:38:10.023] [nas] [error] PLMN selection failure, no cells in coverage
[2025-02-14 15:38:28.440] [rrc] [warning] Acceptable cell selection failed, no cell is in coverage
[2025-02-14 15:38:28.440] [rrc] [error] Cell selection failure, no suitable or acceptable cell found
[2025-02-14 15:38:40.851] [nas] [error] PLMN selection failure, no cells in coverage
[2025-02-14 15:38:58.452] [rrc] [warning] Acceptable cell selection failed, no cell is in coverage
[2025-02-14 15:38:58.452] [rrc] [error] Cell selection failure, no suitable or acceptable cell found
[2025-02-14 15:39:11.679] [nas] [error] PLMN selection failure, no cells in coverage
[2025-02-14 15:39:28.464] [rrc] [warning] Acceptable cell selection failed, no cell is in coverage
[2025-02-14 15:39:28.464] [rrc] [error] Cell selection failure, no suitable or acceptable cell found
[2025-02-14 15:39:42.510] [nas] [error] PLMN selection failure, no cells in coverage
