interface=enp0s10
driver=wired
ctrl_interface=/var/run/hostapd
ctrl_interface_group=vagrant

logger_syslog=-1
logger_syslog_level=0

ieee8021x=1 
own_ip_addr=192.168.58.100

auth_server_addr=192.168.58.2
auth_server_port=1812
auth_server_shared_secret=0GeykzkV
1741006463.707939: random: Trying to read entropy from /dev/random
1741006463.708126: Configuration file: ./hostapd.conf
1741006463.708368: ctrl_interface_group=1000 (from group name 'vagrant')
1741006463.708455: Opening raw packet socket for ifindex 5
1741006463.709090: BSS count 1, BSSID mask 00:00:00:00:00:00 (0 bits)
1741006463.709176: 1741006463.709177: enp0s10: IEEE 802.11 Fetching hardware channel/rate support not supported.
1741006463.709729: Completing interface initialization
1741006463.709893: hostapd_setup_bss(hapd=0x55c2569a5590 (enp0s10), first=1)
1741006463.709967: Using interface enp0s10 with hwaddr 08:00:27:cf:14:fc and ssid ""
1741006463.710200: 1741006463.710201: enp0s10: RADIUS Authentication server 192.168.58.2:1812
1741006463.710568: RADIUS local address: 192.168.58.100:34715
1741006463.710747: enp0s10: Deauthenticate all stations at BSS start
1741006463.710904: enp0s10: interface state UNINITIALIZED->ENABLED
1741006463.711201: enp0s10: AP-ENABLED 
1741006463.711263: enp0s10: Setup of interface done.
1741006463.711453: ctrl_iface not configured!
1741006463.711513: random: Got 20/20 bytes from /dev/random
1741007634.138027: Received EAPOL packet
1741007634.145242: enp0s10: Event NEW_STA (22) received
1741007634.145292: Data frame from unknown STA 08:00:27:3b:09:f5 - adding a new STA
1741007634.145336:   New STA
1741007634.145435: ap_sta_add: register ap_handle_timer timeout for 08:00:27:3b:09:f5 (300 seconds - ap_max_inactivity)
1741007634.145491: 1741007634.145491: enp0s10: STA 08:00:27:3b:09:f5 IEEE 802.1X: start authentication
1741007634.145560: EAP: Server state machine created
1741007634.146461: IEEE 802.1X: 08:00:27:3b:09:f5 BE_AUTH entering state IDLE
1741007634.146605: IEEE 802.1X: 08:00:27:3b:09:f5 CTRL_DIR entering state FORCE_BOTH
1741007634.146822: enp0s10: hostapd_new_assoc_sta: canceled wired ap_handle_timer timeout for 08:00:27:3b:09:f5
1741007634.146936: enp0s10: Event EAPOL_RX (23) received
1741007634.147010: No STA-specific hostapd instance for EAPOL RX found - fall back to initial context
1741007634.147083: IEEE 802.1X: 46 bytes from 08:00:27:3b:09:f5 (encrypted=-1)
1741007634.147153:    IEEE 802.1X: version=2 type=1 length=0
1741007634.147202:    ignoring 42 extra octets after IEEE 802.1X packet
1741007634.147278: 1741007634.147279: enp0s10: STA 08:00:27:3b:09:f5 IEEE 802.1X: received EAPOL-Start from STA
1741007634.147413: IEEE 802.1X: 08:00:27:3b:09:f5 AUTH_PAE entering state DISCONNECTED
1741007634.147577: 1741007634.147578: enp0s10: STA 08:00:27:3b:09:f5 IEEE 802.1X: unauthorizing port
1741007634.147643: IEEE 802.1X: 08:00:27:3b:09:f5 AUTH_PAE entering state RESTART
1741007634.147760: EAP: EAP entering state INITIALIZE
1741007634.147905: enp0s10: CTRL-EVENT-EAP-STARTED 08:00:27:3b:09:f5
1741007634.148029: EAP: EAP entering state SELECT_ACTION
1741007634.148136: EAP: getDecision: no identity known yet -> CONTINUE
1741007634.148279: EAP: EAP entering state PROPOSE_METHOD
1741007634.148393: EAP: getNextMethod: vendor 0 type 1
1741007634.148468: enp0s10: CTRL-EVENT-EAP-PROPOSED-METHOD vendor=0 method=1
1741007634.148543: EAP: EAP entering state METHOD_REQUEST
1741007634.148637: EAP: building EAP-Request: Identifier 69
1741007634.148728: EAP: EAP entering state SEND_REQUEST
1741007634.148801: EAP: EAP entering state IDLE
1741007634.148871: EAP: retransmit timeout 3 seconds (from dynamic back off; retransCount=0)
1741007634.148930: IEEE 802.1X: 08:00:27:3b:09:f5 AUTH_PAE entering state CONNECTING
1741007634.149027: IEEE 802.1X: 08:00:27:3b:09:f5 AUTH_PAE entering state AUTHENTICATING
1741007634.149380: IEEE 802.1X: 08:00:27:3b:09:f5 BE_AUTH entering state REQUEST
1741007634.149494: 1741007634.149495: enp0s10: STA 08:00:27:3b:09:f5 IEEE 802.1X: Sending EAP Packet (identifier 69)
1741007634.151299: Received EAPOL packet
1741007634.151423: enp0s10: Event NEW_STA (22) received
1741007634.151618: enp0s10: Event EAPOL_RX (23) received
1741007634.151685: No STA-specific hostapd instance for EAPOL RX found - fall back to initial context
1741007634.151735: IEEE 802.1X: 46 bytes from 08:00:27:3b:09:f5 (encrypted=-1)
1741007634.151798:    IEEE 802.1X: version=2 type=0 length=21
1741007634.151859:    ignoring 21 extra octets after IEEE 802.1X packet
1741007634.151913: EAP: code=2 (response) identifier=69 length=21
1741007634.151970: 1741007634.151970: enp0s10: STA 08:00:27:3b:09:f5 IEEE 802.1X: received EAP packet (code=2 id=69 len=21) from STA: EAP Response-Identity (1)
1741007634.152087: IEEE 802.1X: 08:00:27:3b:09:f5 BE_AUTH entering state RESPONSE
1741007634.152358: EAP: EAP entering state RECEIVED
1741007634.152422: EAP: parseEapResp: rxResp=1 rxInitiate=0 respId=69 respMethod=1 respVendor=0 respVendorMethod=0
1741007634.152467: EAP: EAP entering state INTEGRITY_CHECK
1741007634.152513: EAP: EAP entering state METHOD_RESPONSE
1741007634.152557: EAP-Identity: Peer identity - hexdump_ascii(len=16):
     75 73 65 72 40 65 78 61 6d 70 6c 65 2e 6f 72 67   user@example.org
1741007634.152654: EAP: EAP entering state SELECT_ACTION
1741007634.152702: EAP: getDecision: -> PASSTHROUGH
1741007634.152749: EAP: EAP entering state INITIALIZE_PASSTHROUGH
1741007634.152793: EAP: EAP entering state AAA_REQUEST
1741007634.152843: EAP: EAP entering state AAA_IDLE
1741007634.152896: 1741007634.152896: enp0s10: STA 08:00:27:3b:09:f5 IEEE 802.1X: STA identity 'user@example.org'
1741007634.153132: Encapsulating EAP message into a RADIUS packet
1741007634.155293: 1741007634.155294: enp0s10: RADIUS Sending RADIUS message to authentication server
1741007634.155607: RADIUS message: code=1 (Access-Request) identifier=0 length=183
1741007634.155679:    Attribute 80 (Message-Authenticator) length=18
1741007634.155729:       Value: 8f21ec0dd7d3f458df305ee31a454464
1741007634.155779:    Attribute 1 (User-Name) length=18
1741007634.155820:       Value: 'user@example.org'
1741007634.155863:    Attribute 4 (NAS-IP-Address) length=6
1741007634.155908:       Value: 192.168.58.100
1741007634.155950:    Attribute 30 (Called-Station-Id) length=20
1741007634.155995:       Value: '08-00-27-CF-14-FC:'
1741007634.156047:    Attribute 61 (NAS-Port-Type) length=6
1741007634.156090:       Value: 19
1741007634.156138:    Attribute 6 (Service-Type) length=6
1741007634.156182:       Value: 2
1741007634.156229:    Attribute 31 (Calling-Station-Id) length=19
1741007634.156271:       Value: '08-00-27-3B-09-F5'
1741007634.156317:    Attribute 77 (Connect-Info) length=23
1741007634.156364:       Value: 'CONNECT 0Mbps 802.11b'
1741007634.156411:    Attribute 44 (Acct-Session-Id) length=18
1741007634.156455:       Value: '3E69E75A920A2861'
1741007634.156497:    Attribute 12 (Framed-MTU) length=6
1741007634.156545:       Value: 1400
1741007634.156585:    Attribute 79 (EAP-Message) length=23
1741007634.156639:       Value: 024500150175736572406578616d706c652e6f7267
1741007634.156686: RADIUS: Send 183 bytes to the server
1741007634.156780: 1741007634.156780: enp0s10: RADIUS Next RADIUS client retransmit in 3 seconds
1741007634.160497: 1741007634.160498: enp0s10: RADIUS Received 64 bytes from RADIUS server
1741007634.160671: 1741007634.160671: enp0s10: RADIUS Received RADIUS message
1741007634.160830: RADIUS message: code=11 (Access-Challenge) identifier=0 length=64
1741007634.160883:    Attribute 80 (Message-Authenticator) length=18
1741007634.160917:       Value: c202bf7165f819357ecce396728d9a4c
1741007634.160948:    Attribute 79 (EAP-Message) length=8
1741007634.160978:       Value: 014600060d20
1741007634.161007:    Attribute 24 (State) length=18
1741007634.161043:       Value: f118589af15e5562f0b001d34e6ac38b
1741007634.161075: 1741007634.161076: enp0s10: STA 08:00:27:3b:09:f5 RADIUS: Received RADIUS packet matched with a pending request, round trip time 0.00 sec
1741007634.161237: RADIUS packet matching with station 08:00:27:3b:09:f5
1741007634.161287: 1741007634.161287: enp0s10: STA 08:00:27:3b:09:f5 IEEE 802.1X: decapsulated EAP packet (code=1 id=70 len=6) from RADIUS server: EAP-Request-TLS (13)
1741007634.161462: EAP: EAP entering state AAA_RESPONSE
1741007634.161501: EAP: getId: id=70
1741007634.161530: EAP: EAP entering state SEND_REQUEST2
1741007634.161559: EAP: EAP entering state IDLE2
1741007634.161589: EAP: retransmit timeout 3 seconds (from dynamic back off; retransCount=0)
1741007634.161622: IEEE 802.1X: 08:00:27:3b:09:f5 BE_AUTH entering state REQUEST
1741007634.161654: 1741007634.161654: enp0s10: STA 08:00:27:3b:09:f5 IEEE 802.1X: Sending EAP Packet (identifier 70)
1741007634.171427: Received EAPOL packet
1741007634.171487: enp0s10: Event NEW_STA (22) received
1741007634.171521: enp0s10: Event EAPOL_RX (23) received
1741007634.171552: No STA-specific hostapd instance for EAPOL RX found - fall back to initial context
1741007634.171586: IEEE 802.1X: 194 bytes from 08:00:27:3b:09:f5 (encrypted=-1)
1741007634.171620:    IEEE 802.1X: version=2 type=0 length=190
1741007634.171650: EAP: code=2 (response) identifier=70 length=190
1741007634.171682: 1741007634.171683: enp0s10: STA 08:00:27:3b:09:f5 IEEE 802.1X: received EAP packet (code=2 id=70 len=190) from STA: EAP Response-TLS (13)
1741007634.171822: IEEE 802.1X: 08:00:27:3b:09:f5 BE_AUTH entering state RESPONSE
1741007634.171865: EAP: EAP entering state RECEIVED2
1741007634.171896: EAP: parseEapResp: rxResp=1 rxInitiate=0 respId=70 respMethod=13 respVendor=0 respVendorMethod=0
1741007634.171927: EAP: EAP entering state AAA_REQUEST
1741007634.171957: EAP: EAP entering state AAA_IDLE
1741007634.172000: Encapsulating EAP message into a RADIUS packet
1741007634.172068: Copied RADIUS State Attribute
1741007634.172114: 1741007634.172114: enp0s10: RADIUS Sending RADIUS message to authentication server
1741007634.172243: RADIUS message: code=1 (Access-Request) identifier=1 length=370
1741007634.172280:    Attribute 80 (Message-Authenticator) length=18
1741007634.172314:       Value: cd6bb1f82c3c700515a009a82799c7a2
1741007634.172344:    Attribute 1 (User-Name) length=18
1741007634.172378:       Value: 'user@example.org'
1741007634.172420:    Attribute 4 (NAS-IP-Address) length=6
1741007634.172451:       Value: 192.168.58.100
1741007634.172481:    Attribute 30 (Called-Station-Id) length=20
1741007634.172511:       Value: '08-00-27-CF-14-FC:'
1741007634.172541:    Attribute 61 (NAS-Port-Type) length=6
1741007634.172570:       Value: 19
1741007634.172600:    Attribute 6 (Service-Type) length=6
1741007634.172629:       Value: 2
1741007634.172659:    Attribute 31 (Calling-Station-Id) length=19
1741007634.172689:       Value: '08-00-27-3B-09-F5'
1741007634.172721:    Attribute 77 (Connect-Info) length=23
1741007634.172761:       Value: 'CONNECT 0Mbps 802.11b'
1741007634.172801:    Attribute 44 (Acct-Session-Id) length=18
1741007634.172831:       Value: '3E69E75A920A2861'
1741007634.172861:    Attribute 12 (Framed-MTU) length=6
1741007634.172891:       Value: 1400
1741007634.172922:    Attribute 79 (EAP-Message) length=192
1741007634.172985:       Value: 024600be0d0016030100b3010000af0303c1d7ae09ca203274fece939b9610c263562941c65a06705c7f173fced981781e000038c02cc030009fcca9cca8ccaac02bc02f009ec024c028006bc023c0270067c00ac0140039c009c0130033009d009c003d003c0035002f00ff0100004e000b000403000102000a000c000a001d0017001e001900180016000000170000000d002a0028040305030603080708080809080a080b080408050806040105010601030303010302040205020602
1741007634.173022:    Attribute 24 (State) length=18
1741007634.173057:       Value: f118589af15e5562f0b001d34e6ac38b
1741007634.173099: RADIUS: Send 370 bytes to the server
1741007634.173159: 1741007634.173159: enp0s10: RADIUS Next RADIUS client retransmit in 3 seconds
1741007634.183549: 1741007634.183550: enp0s10: RADIUS Received 1068 bytes from RADIUS server
1741007634.183718: 1741007634.183719: enp0s10: RADIUS Received RADIUS message
1741007634.183849: RADIUS message: code=11 (Access-Challenge) identifier=1 length=1068
1741007634.183900:    Attribute 80 (Message-Authenticator) length=18
1741007634.183933:       Value: fde970b80862eb848c34e371283bdb9b
1741007634.184014:    Attribute 79 (EAP-Message) length=255
1741007634.184076:       Value: 014703ec0dc000000b97160303003d020000390303089aade869fd7b94950ac5b7ffd696949995389925634a872f2b3a84d6dc711a00c030000011ff01000100000b0004030001020017000016030309450b00094100093e00043a308204363082031ea003020102020101300d06092a864886f70d01010b0500308193310b3009060355040613024652310f300d06035504080c065261646975733112301006035504070c09536f6d65776865726531153013060355040a0c0c4578616d706c6520496e632e3120301e06092a864886f70d010901161161646d696e406578616d706c652e6f72673126302406035504030c1d4578616d706c65204365
1741007634.184108:    Attribute 79 (EAP-Message) length=255
1741007634.184164:       Value: 72746966696361746520417574686f72697479301e170d3235303330333132343633365a170d3235303530323132343633365a307c310b3009060355040613024652310f300d06035504080c0652616469757331153013060355040a0c0c4578616d706c6520496e632e3123302106035504030c1a4578616d706c65205365727665722043657274696669636174653120301e06092a864886f70d010901161161646d696e406578616d706c652e6f726730820122300d06092a864886f70d01010105000382010f003082010a0282010100ad13a1637be40c49e2f793a3437b411bdfcdd5e77cd81007444fa0f40a77ce082686ce8e77c70360f71f13
1741007634.184195:    Attribute 79 (EAP-Message) length=255
1741007634.184253:       Value: f28054be7f56f69de30bc8ce5875bee5423ab76ee88f59ba9c6a7b41ecf7aa1e6f5d7a86c4ff6295a6600a9a971f9c88104163bd438dc758b6cb6651b5ae40ce60e7a6ebb14dbf32c09d90e1e255ed8985864d06fbb73205e24d38dca3c51e4bdcf86a46006c9f8054ebb7e20ec7d5b42e139ea4ceab58ff6556e0e153c15c5184cab42a112eee53659c59b1f1aa694a1e7743cc5183e8beb3d09a3f03f4a8c0096d9f40902959d395c98d30fc49dcae22cbb21787b3ccecb419c8fe32a925c179f9d287c1a9b7e18592c93c9212e2f81fb0c95e250203010001a381aa3081a730130603551d25040c300a06082b0601050507030130360603551d1f04
1741007634.184283:    Attribute 79 (EAP-Message) length=247
1741007634.184336:       Value: 2f302d302ba029a0278625687474703a2f2f7777772e6578616d706c652e636f6d2f6578616d706c655f63612e63726c30180603551d200411300f300d060b2b0601040182be68010302301d0603551d0e04160414c0b027404bd3e1440e3ca2f871a7b2b9c485736e301f0603551d230418301680146b1605742c90aee1f8687b497e66d1ce96d71135300d06092a864886f70d01010b05000382010100a92acd026da8c82585a3cd16421fa9775c53cf13fc97a484f7747c05292135707e786402e28d159423af83f8124f2d07bc33acdb7ba9e1259de172d20bdff4d959af83a2c9d6b3ce762be7250e3151040315cc0f694e1d
1741007634.184367:    Attribute 24 (State) length=18
1741007634.184401:       Value: f118589af05f5562f0b001d34e6ac38b
1741007634.184438: 1741007634.184438: enp0s10: STA 08:00:27:3b:09:f5 RADIUS: Received RADIUS packet matched with a pending request, round trip time 0.01 sec
1741007634.184588: RADIUS packet matching with station 08:00:27:3b:09:f5
1741007634.184635: 1741007634.184635: enp0s10: STA 08:00:27:3b:09:f5 IEEE 802.1X: decapsulated EAP packet (code=1 id=71 len=1004) from RADIUS server: EAP-Request-TLS (13)
1741007634.184774: EAP: EAP entering state AAA_RESPONSE
1741007634.184813: EAP: getId: id=71
1741007634.184842: EAP: EAP entering state SEND_REQUEST2
1741007634.184872: EAP: EAP entering state IDLE2
1741007634.184902: EAP: retransmit timeout 3 seconds (from dynamic back off; retransCount=0)
1741007634.184931: IEEE 802.1X: 08:00:27:3b:09:f5 BE_AUTH entering state REQUEST
1741007634.184963: 1741007634.184964: enp0s10: STA 08:00:27:3b:09:f5 IEEE 802.1X: Sending EAP Packet (identifier 71)
1741007634.186422: Received EAPOL packet
1741007634.186502: enp0s10: Event NEW_STA (22) received
1741007634.186550: enp0s10: Event EAPOL_RX (23) received
1741007634.186593: No STA-specific hostapd instance for EAPOL RX found - fall back to initial context
1741007634.186638: IEEE 802.1X: 46 bytes from 08:00:27:3b:09:f5 (encrypted=-1)
1741007634.186692:    IEEE 802.1X: version=2 type=0 length=6
1741007634.186736:    ignoring 36 extra octets after IEEE 802.1X packet
1741007634.186784: EAP: code=2 (response) identifier=71 length=6
1741007634.186835: 1741007634.186835: enp0s10: STA 08:00:27:3b:09:f5 IEEE 802.1X: received EAP packet (code=2 id=71 len=6) from STA: EAP Response-TLS (13)
1741007634.187077: IEEE 802.1X: 08:00:27:3b:09:f5 BE_AUTH entering state RESPONSE
1741007634.187192: EAP: EAP entering state RECEIVED2
1741007634.187240: EAP: parseEapResp: rxResp=1 rxInitiate=0 respId=71 respMethod=13 respVendor=0 respVendorMethod=0
1741007634.187282: EAP: EAP entering state AAA_REQUEST
1741007634.187364: EAP: EAP entering state AAA_IDLE
1741007634.187417: Encapsulating EAP message into a RADIUS packet
1741007634.187516: Copied RADIUS State Attribute
1741007634.187573: 1741007634.187574: enp0s10: RADIUS Sending RADIUS message to authentication server
1741007634.187809: RADIUS message: code=1 (Access-Request) identifier=2 length=186
1741007634.187876:    Attribute 80 (Message-Authenticator) length=18
1741007634.187930:       Value: 8b49f62b6a93c14dc41c49f37a7ecfae
1741007634.187976:    Attribute 1 (User-Name) length=18
1741007634.188027:       Value: 'user@example.org'
1741007634.188072:    Attribute 4 (NAS-IP-Address) length=6
1741007634.188120:       Value: 192.168.58.100
1741007634.188164:    Attribute 30 (Called-Station-Id) length=20
1741007634.188216:       Value: '08-00-27-CF-14-FC:'
1741007634.188257:    Attribute 61 (NAS-Port-Type) length=6
1741007634.188299:       Value: 19
1741007634.188343:    Attribute 6 (Service-Type) length=6
1741007634.188392:       Value: 2
1741007634.188435:    Attribute 31 (Calling-Station-Id) length=19
1741007634.188472:       Value: '08-00-27-3B-09-F5'
1741007634.188520:    Attribute 77 (Connect-Info) length=23
1741007634.188562:       Value: 'CONNECT 0Mbps 802.11b'
1741007634.188606:    Attribute 44 (Acct-Session-Id) length=18
1741007634.188651:       Value: '3E69E75A920A2861'
1741007634.188698:    Attribute 12 (Framed-MTU) length=6
1741007634.188739:       Value: 1400
1741007634.188784:    Attribute 79 (EAP-Message) length=8
1741007634.188831:       Value: 024700060d00
1741007634.188872:    Attribute 24 (State) length=18
1741007634.188923:       Value: f118589af05f5562f0b001d34e6ac38b
1741007634.188973: RADIUS: Send 186 bytes to the server
1741007634.189041: 1741007634.189041: enp0s10: RADIUS Next RADIUS client retransmit in 3 seconds
1741007634.192528: 1741007634.192529: enp0s10: RADIUS Received 1068 bytes from RADIUS server
1741007634.192773: 1741007634.192774: enp0s10: RADIUS Received RADIUS message
1741007634.192996: RADIUS message: code=11 (Access-Challenge) identifier=2 length=1068
1741007634.193057:    Attribute 80 (Message-Authenticator) length=18
1741007634.193122:       Value: 03de305780430637f58ed82b7ed38511
1741007634.193175:    Attribute 79 (EAP-Message) length=255
1741007634.193257:       Value: 014803ec0dc000000b9777337cbd678b387f083537aa4e3a5fef0ce305c0ad8ea1084bf470721d412eef71aaf237dff3edc2d26f2d4a5ef462cff5f751ef8d71a79b73eef8e73dece669331befcc27287879737a7a75f6fc169b2212467b2d3a2bbae3d27b27b234574a9d67bccf31948a66767c45805ce125530eb3e9dec8453e491761d1c733777efcae5e82001db8d47c56dbc1894dc657a11159983d2fc1c409ea5c36ddda37d466d51258ad6fd907bddd0004fe308204fa308203e2a00302010202145f94ac48a74cbabc4bde9d6bbdf038e8194c70c1300d06092a864886f70d01010b0500308193310b3009060355040613024652310f300d06
1741007634.193302:    Attribute 79 (EAP-Message) length=255
1741007634.193384:       Value: 035504080c065261646975733112301006035504070c09536f6d65776865726531153013060355040a0c0c4578616d706c6520496e632e3120301e06092a864886f70d010901161161646d696e406578616d706c652e6f72673126302406035504030c1d4578616d706c6520436572746966696361746520417574686f72697479301e170d3235303330333132343633365a170d3235303530323132343633365a308193310b3009060355040613024652310f300d06035504080c065261646975733112301006035504070c09536f6d65776865726531153013060355040a0c0c4578616d706c6520496e632e3120301e06092a864886f70d01090116
1741007634.193428:    Attribute 79 (EAP-Message) length=255
1741007634.193504:       Value: 1161646d696e406578616d706c652e6f72673126302406035504030c1d4578616d706c6520436572746966696361746520417574686f7269747930820122300d06092a864886f70d01010105000382010f003082010a0282010100b22c849c5c3293029ab62739544eb38827f305d4935b2932c1d56e0f486751406caf648ce12891e867b2599b051d02c4165ac314bb3a8d2b8a4786e829780f20b935ce792b43bdbeac45759f352ba7c1a2bf9c8e33d4701004c189f80dc1257e432fcb879df7f2cff3bab5d847d4ba791155c09f873a748e9f3f887a47070f4a418623aba05700732c6fe8898a4dc714cc00665c2724e1f0a68464edaa098901a85e
1741007634.193598:    Attribute 79 (EAP-Message) length=247
1741007634.193679:       Value: 07adff4b43d70399cd84ff4f3fc9e31f3abf8b027b29426956bae4afe0b1fa7f6392c3705ad56d9944f6f8c71923b1896476394b21ec629b1ee8edb1790b9f19cc8e1a5a73032a8ffb766da7d7aa3589c2294b8d5961233f397745e0577f0203010001a38201423082013e301d0603551d0e041604146b1605742c90aee1f8687b497e66d1ce96d711353081d30603551d230481cb3081c880146b1605742c90aee1f8687b497e66d1ce96d71135a18199a48196308193310b3009060355040613024652310f300d06035504080c065261646975733112301006035504070c09536f6d65776865726531153013060355040a0c0c45
1741007634.193721:    Attribute 24 (State) length=18
1741007634.193767:       Value: f118589af3505562f0b001d34e6ac38b
1741007634.193813: 1741007634.193814: enp0s10: STA 08:00:27:3b:09:f5 RADIUS: Received RADIUS packet matched with a pending request, round trip time 0.00 sec
1741007634.194069: RADIUS packet matching with station 08:00:27:3b:09:f5
1741007634.194140: 1741007634.194140: enp0s10: STA 08:00:27:3b:09:f5 IEEE 802.1X: decapsulated EAP packet (code=1 id=72 len=1004) from RADIUS server: EAP-Request-TLS (13)
1741007634.194359: EAP: EAP entering state AAA_RESPONSE
1741007634.194419: EAP: getId: id=72
1741007634.194464: EAP: EAP entering state SEND_REQUEST2
1741007634.194509: EAP: EAP entering state IDLE2
1741007634.194556: EAP: retransmit timeout 3 seconds (from dynamic back off; retransCount=0)
1741007634.194598: IEEE 802.1X: 08:00:27:3b:09:f5 BE_AUTH entering state REQUEST
1741007634.194638: 1741007634.194639: enp0s10: STA 08:00:27:3b:09:f5 IEEE 802.1X: Sending EAP Packet (identifier 72)
1741007634.195782: Received EAPOL packet
1741007634.195841: enp0s10: Event NEW_STA (22) received
1741007634.195891: enp0s10: Event EAPOL_RX (23) received
1741007634.195940: No STA-specific hostapd instance for EAPOL RX found - fall back to initial context
1741007634.195985: IEEE 802.1X: 46 bytes from 08:00:27:3b:09:f5 (encrypted=-1)
1741007634.196033:    IEEE 802.1X: version=2 type=0 length=6
1741007634.196083:    ignoring 36 extra octets after IEEE 802.1X packet
1741007634.196129: EAP: code=2 (response) identifier=72 length=6
1741007634.196177: 1741007634.196178: enp0s10: STA 08:00:27:3b:09:f5 IEEE 802.1X: received EAP packet (code=2 id=72 len=6) from STA: EAP Response-TLS (13)
1741007634.196414: IEEE 802.1X: 08:00:27:3b:09:f5 BE_AUTH entering state RESPONSE
1741007634.196474: EAP: EAP entering state RECEIVED2
1741007634.196521: EAP: parseEapResp: rxResp=1 rxInitiate=0 respId=72 respMethod=13 respVendor=0 respVendorMethod=0
1741007634.196571: EAP: EAP entering state AAA_REQUEST
1741007634.196613: EAP: EAP entering state AAA_IDLE
1741007634.196650: Encapsulating EAP message into a RADIUS packet
1741007634.196740: Copied RADIUS State Attribute
1741007634.196802: 1741007634.196802: enp0s10: RADIUS Sending RADIUS message to authentication server
1741007634.197016: RADIUS message: code=1 (Access-Request) identifier=3 length=186
1741007634.197074:    Attribute 80 (Message-Authenticator) length=18
1741007634.197169:       Value: 5d0a604ffd794324cdb530fa53acd3b3
1741007634.197215:    Attribute 1 (User-Name) length=18
1741007634.197264:       Value: 'user@example.org'
1741007634.197311:    Attribute 4 (NAS-IP-Address) length=6
1741007634.197353:       Value: 192.168.58.100
1741007634.197395:    Attribute 30 (Called-Station-Id) length=20
1741007634.197439:       Value: '08-00-27-CF-14-FC:'
1741007634.197488:    Attribute 61 (NAS-Port-Type) length=6
1741007634.197535:       Value: 19
1741007634.197578:    Attribute 6 (Service-Type) length=6
1741007634.197623:       Value: 2
1741007634.197670:    Attribute 31 (Calling-Station-Id) length=19
1741007634.197712:       Value: '08-00-27-3B-09-F5'
1741007634.197750:    Attribute 77 (Connect-Info) length=23
1741007634.197798:       Value: 'CONNECT 0Mbps 802.11b'
1741007634.197839:    Attribute 44 (Acct-Session-Id) length=18
1741007634.197881:       Value: '3E69E75A920A2861'
1741007634.197974:    Attribute 12 (Framed-MTU) length=6
1741007634.198016:       Value: 1400
1741007634.198055:    Attribute 79 (EAP-Message) length=8
1741007634.198100:       Value: 024800060d00
1741007634.198142:    Attribute 24 (State) length=18
1741007634.198188:       Value: f118589af3505562f0b001d34e6ac38b
1741007634.198234: RADIUS: Send 186 bytes to the server
1741007634.198302: 1741007634.198302: enp0s10: RADIUS Next RADIUS client retransmit in 3 seconds
1741007634.203029: 1741007634.203030: enp0s10: RADIUS Received 1053 bytes from RADIUS server
1741007634.203291: 1741007634.203292: enp0s10: RADIUS Received RADIUS message
1741007634.203547: RADIUS message: code=11 (Access-Challenge) identifier=3 length=1053
1741007634.203605:    Attribute 80 (Message-Authenticator) length=18
1741007634.203656:       Value: 2713d5af0e548f0631a91e6a847dbe95
1741007634.203697:    Attribute 79 (EAP-Message) length=255
1741007634.203779:       Value: 014903dd0d8000000b9778616d706c6520496e632e3120301e06092a864886f70d010901161161646d696e406578616d706c652e6f72673126302406035504030c1d4578616d706c6520436572746966696361746520417574686f7269747982145f94ac48a74cbabc4bde9d6bbdf038e8194c70c1300f0603551d130101ff040530030101ff30360603551d1f042f302d302ba029a0278625687474703a2f2f7777772e6578616d706c652e6f72672f6578616d706c655f63612e63726c300d06092a864886f70d01010b05000382010100240eebd478cae18e97bbd47019425fff55088f75e2c6876a8dcc342b4f172b0082cc1266546cf9392eaf79
1741007634.203822:    Attribute 79 (EAP-Message) length=255
1741007634.203904:       Value: a1d72c07c84341225cb53ae618b3c76006e298e3e3703d43543e50c06664d97e4c5b9f2263f982ad3ef1ae6feea4096366db5bd6b3c7b9077ff242684329f9cb3d3e8a950961654dae9ae8369a156f6ea18a7b1cf688c3cb082df1fe25f331272fa0f410972b3058cdef518d5f7f2e27209126325bed5ea0e20ddf61f8703f158da0ac74b3a57dd1309ecea087836e963b25274a2ca1e9fe60be7e43bad95be2e225b0ea9aa0c559f95c56e5028f66437ee5c4de165e32c78f08005e0103553ae95cfab0cb62bd4e6a812b796e9f2ca20249ff0400160303012c0c00012803001d2078a2764d44ecf15f024fe323739e9a796836c893bc276c2fb0db31
1741007634.203947:    Attribute 79 (EAP-Message) length=255
1741007634.204034:       Value: 635c9cf23608040100a88737db01f56fd9cc7e5a581316733a03630a203b742ef9420f2c482a62b3a2520d4ad3e026686cf0825d04edc50714193368503bc21641296916022d3da160f4b0ecb0fe8a5584a9a666e0264bc153874dcf8b6909f822ce68ba519ada31514f15d2bce3dcd6c915e2f45b44749ea076ce4a5dbac092c6e7eb10f306a3814cd68d6b6498e74cb292f27189ed419e6c05c154483f623952f9b01efa466068104df129ef62bcf96491780b5a0f9562ecc35dd4ca3dc435631cabc02c77bf70b1256eceefaa58841d7d55b21412788929d564859e7d40208592a98f26b6a6afeb1500cb5dc0e9f0e421e6308ca225986877d94270
1741007634.204085:    Attribute 79 (EAP-Message) length=232
1741007634.204164:       Value: 8b2639035c904932f75fdd9016030300cc0d0000c8030102400028040305030603080708080809080a080b08040805080604010501060103030301030204020502060200980096308193310b3009060355040613024652310f300d06035504080c065261646975733112301006035504070c09536f6d65776865726531153013060355040a0c0c4578616d706c6520496e632e3120301e06092a864886f70d010901161161646d696e406578616d706c652e6f72673126302406035504030c1d4578616d706c6520436572746966696361746520417574686f7269747916030300040e000000
1741007634.204214:    Attribute 24 (State) length=18
1741007634.204265:       Value: f118589af2515562f0b001d34e6ac38b
1741007634.204311: 1741007634.204311: enp0s10: STA 08:00:27:3b:09:f5 RADIUS: Received RADIUS packet matched with a pending request, round trip time 0.00 sec
1741007634.204548: RADIUS packet matching with station 08:00:27:3b:09:f5
1741007634.204614: 1741007634.204614: enp0s10: STA 08:00:27:3b:09:f5 IEEE 802.1X: decapsulated EAP packet (code=1 id=73 len=989) from RADIUS server: EAP-Request-TLS (13)
1741007634.204832: EAP: EAP entering state AAA_RESPONSE
1741007634.204889: EAP: getId: id=73
1741007634.204932: EAP: EAP entering state SEND_REQUEST2
1741007634.204975: EAP: EAP entering state IDLE2
1741007634.205022: EAP: retransmit timeout 3 seconds (from dynamic back off; retransCount=0)
1741007634.205068: IEEE 802.1X: 08:00:27:3b:09:f5 BE_AUTH entering state REQUEST
1741007634.205182: 1741007634.205182: enp0s10: STA 08:00:27:3b:09:f5 IEEE 802.1X: Sending EAP Packet (identifier 73)
1741007634.217287: Received EAPOL packet
1741007634.217364: enp0s10: Event NEW_STA (22) received
1741007634.217411: enp0s10: Event EAPOL_RX (23) received
1741007634.217457: No STA-specific hostapd instance for EAPOL RX found - fall back to initial context
1741007634.217506: IEEE 802.1X: 1412 bytes from 08:00:27:3b:09:f5 (encrypted=-1)
1741007634.217549:    IEEE 802.1X: version=2 type=0 length=1408
1741007634.217600: EAP: code=2 (response) identifier=73 length=1408
1741007634.217654: 1741007634.217654: enp0s10: STA 08:00:27:3b:09:f5 IEEE 802.1X: received EAP packet (code=2 id=73 len=1408) from STA: EAP Response-TLS (13)
1741007634.217913: IEEE 802.1X: 08:00:27:3b:09:f5 BE_AUTH entering state RESPONSE
1741007634.217975: EAP: EAP entering state RECEIVED2
1741007634.218013: EAP: parseEapResp: rxResp=1 rxInitiate=0 respId=73 respMethod=13 respVendor=0 respVendorMethod=0
1741007634.218056: EAP: EAP entering state AAA_REQUEST
1741007634.218099: EAP: EAP entering state AAA_IDLE
1741007634.218153: Encapsulating EAP message into a RADIUS packet
1741007634.218251: Copied RADIUS State Attribute
1741007634.218319: 1741007634.218320: enp0s10: RADIUS Sending RADIUS message to authentication server
1741007634.218554: RADIUS message: code=1 (Access-Request) identifier=4 length=1598
1741007634.218612:    Attribute 80 (Message-Authenticator) length=18
1741007634.218664:       Value: 69f4ff362e073d96b786be2e1003c034
1741007634.218707:    Attribute 1 (User-Name) length=18
1741007634.218744:       Value: 'user@example.org'
1741007634.218790:    Attribute 4 (NAS-IP-Address) length=6
1741007634.218834:       Value: 192.168.58.100
1741007634.218876:    Attribute 30 (Called-Station-Id) length=20
1741007634.218921:       Value: '08-00-27-CF-14-FC:'
1741007634.218969:    Attribute 61 (NAS-Port-Type) length=6
1741007634.219016:       Value: 19
1741007634.219057:    Attribute 6 (Service-Type) length=6
1741007634.219101:       Value: 2
1741007634.219144:    Attribute 31 (Calling-Station-Id) length=19
1741007634.219192:       Value: '08-00-27-3B-09-F5'
1741007634.219238:    Attribute 77 (Connect-Info) length=23
1741007634.219284:       Value: 'CONNECT 0Mbps 802.11b'
1741007634.219364:    Attribute 44 (Acct-Session-Id) length=18
1741007634.219411:       Value: '3E69E75A920A2861'
1741007634.219459:    Attribute 12 (Framed-MTU) length=6
1741007634.219502:       Value: 1400
1741007634.219551:    Attribute 79 (EAP-Message) length=255
1741007634.219629:       Value: 024905800dc000000a8f16030309200b00091c00091900041530820411308202f9a003020102020102300d06092a864886f70d01010b0500308193310b3009060355040613024652310f300d06035504080c065261646975733112301006035504070c09536f6d65776865726531153013060355040a0c0c4578616d706c6520496e632e3120301e06092a864886f70d010901161161646d696e406578616d706c652e6f72673126302406035504030c1d4578616d706c6520436572746966696361746520417574686f72697479301e170d3235303330333132343633375a170d3235303530323132343633375a3071310b3009060355040613024652
1741007634.219674:    Attribute 79 (EAP-Message) length=255
1741007634.219749:       Value: 310f300d06035504080c0652616469757331153013060355040a0c0c4578616d706c6520496e632e3119301706035504030c1075736572406578616d706c652e6f7267311f301d06092a864886f70d010901161075736572406578616d706c652e6f726730820122300d06092a864886f70d01010105000382010f003082010a0282010100d12506e246c4d390e9c3c51a7e0384767b10302aa4cbb44b6792de7e817ec5db194bcd7fc05b13331165c252df63ba6477724f300f9eb7f3f60da7aa777d1c601a4055be51023955b6c468377a007f3a22136735ca7c2558ea7a0bf531a61c967143d1c74d6812c60208c9b7b09ba49b0cfad1277d2f39f0
1741007634.219794:    Attribute 79 (EAP-Message) length=255
1741007634.219871:       Value: d08c3317c695c65d5ed7fef43e173b72ca1df99b38173a718ac84475639959e33c4132dd9147eccabd74cedee7cec4d78cd9bb508e8d4619f983abd37a889a247320bbc95427642be924ee28808232eb4e258684bb0c1f462bd2b215c9e4ce0e6dc98f620e3b881bb01d4741822201a15974b27b863e54c1baa27486baa42efec46dbb8d4d620be30203010001a3819030818d30130603551d25040c300a06082b0601050507030230360603551d1f042f302d302ba029a0278625687474703a2f2f7777772e6578616d706c652e636f6d2f6578616d706c655f63612e63726c301d0603551d0e04160414d2ed4efcb1510f0a04ba5734405498353b9c
1741007634.219969:    Attribute 79 (EAP-Message) length=255
1741007634.220048:       Value: c591301f0603551d230418301680146b1605742c90aee1f8687b497e66d1ce96d71135300d06092a864886f70d01010b050003820101008c222c48bdd0e1da67ab7e5f3aa9aa38d23cce131319ff3e3c6ac2b2af46b6fc6180be44d40e7d52c01fcc83814dbc78b4375b7321e44f9f981c816c839eeef3c916a52df522a653dad3bb0bdac982b33bc915b9619b22e2fa7fb5d75f154ce658dd7ed3bf6db817e80e877b337ab0074b9301d96995e2c3bf64804147cb78d25863431a2654096cbbe82caeff1f20e873246bfb5fc11dfd96babb4319c96bce4ad352417a8dd151b8e038b0495459965fc46c6fcd02f907d0cff803b5568e40711109a80d8d
1741007634.220099:    Attribute 79 (EAP-Message) length=255
1741007634.220176:       Value: 37c40fd4d1fd04cf78be3349af71079a42b8dd34660d5c4ccd31943af96f1caee630b44241a99fe9bb1105ad28fa6c7b41b5b0202d858e824f4b0004fe308204fa308203e2a00302010202145f94ac48a74cbabc4bde9d6bbdf038e8194c70c1300d06092a864886f70d01010b0500308193310b3009060355040613024652310f300d06035504080c065261646975733112301006035504070c09536f6d65776865726531153013060355040a0c0c4578616d706c6520496e632e3120301e06092a864886f70d010901161161646d696e406578616d706c652e6f72673126302406035504030c1d4578616d706c652043657274696669636174652041
1741007634.220220:    Attribute 79 (EAP-Message) length=145
1741007634.220283:       Value: 7574686f72697479301e170d3235303330333132343633365a170d3235303530323132343633365a308193310b3009060355040613024652310f300d06035504080c065261646975733112301006035504070c09536f6d65776865726531153013060355040a0c0c4578616d706c6520496e632e3120301e06092a864886f70d010901161161646d696e406578616d
1741007634.220328:    Attribute 24 (State) length=18
1741007634.220378:       Value: f118589af2515562f0b001d34e6ac38b
1741007634.220421: RADIUS: Send 1598 bytes to the server
1741007634.220499: 1741007634.220499: enp0s10: RADIUS Next RADIUS client retransmit in 3 seconds
1741007634.225831: 1741007634.225833: enp0s10: RADIUS Received 64 bytes from RADIUS server
1741007634.226063: 1741007634.226064: enp0s10: RADIUS Received RADIUS message
1741007634.226271: RADIUS message: code=11 (Access-Challenge) identifier=4 length=64
1741007634.226329:    Attribute 80 (Message-Authenticator) length=18
1741007634.226378:       Value: b2d4714a2e30fa5229e1290dd807ce20
1741007634.226425:    Attribute 79 (EAP-Message) length=8
1741007634.226469:       Value: 014a00060d00
1741007634.226517:    Attribute 24 (State) length=18
1741007634.226565:       Value: f118589af5525562f0b001d34e6ac38b
1741007634.226613: 1741007634.226614: enp0s10: STA 08:00:27:3b:09:f5 RADIUS: Received RADIUS packet matched with a pending request, round trip time 0.00 sec
1741007634.226829: RADIUS packet matching with station 08:00:27:3b:09:f5
1741007634.226892: 1741007634.226893: enp0s10: STA 08:00:27:3b:09:f5 IEEE 802.1X: decapsulated EAP packet (code=1 id=74 len=6) from RADIUS server: EAP-Request-TLS (13)
1741007634.227104: EAP: EAP entering state AAA_RESPONSE
1741007634.227161: EAP: getId: id=74
1741007634.227211: EAP: EAP entering state SEND_REQUEST2
1741007634.227255: EAP: EAP entering state IDLE2
1741007634.227299: EAP: retransmit timeout 3 seconds (from dynamic back off; retransCount=0)
1741007634.227382: IEEE 802.1X: 08:00:27:3b:09:f5 BE_AUTH entering state REQUEST
1741007634.227438: 1741007634.227438: enp0s10: STA 08:00:27:3b:09:f5 IEEE 802.1X: Sending EAP Packet (identifier 74)
1741007634.229003: Received EAPOL packet
1741007634.229065: enp0s10: Event NEW_STA (22) received
1741007634.229124: enp0s10: Event EAPOL_RX (23) received
1741007634.229172: No STA-specific hostapd instance for EAPOL RX found - fall back to initial context
1741007634.229215: IEEE 802.1X: 1315 bytes from 08:00:27:3b:09:f5 (encrypted=-1)
1741007634.229266:    IEEE 802.1X: version=2 type=0 length=1311
1741007634.229310: EAP: code=2 (response) identifier=74 length=1311
1741007634.229358: 1741007634.229358: enp0s10: STA 08:00:27:3b:09:f5 IEEE 802.1X: received EAP packet (code=2 id=74 len=1311) from STA: EAP Response-TLS (13)
1741007634.229625: IEEE 802.1X: 08:00:27:3b:09:f5 BE_AUTH entering state RESPONSE
1741007634.229675: EAP: EAP entering state RECEIVED2
1741007634.229721: EAP: parseEapResp: rxResp=1 rxInitiate=0 respId=74 respMethod=13 respVendor=0 respVendorMethod=0
1741007634.229772: EAP: EAP entering state AAA_REQUEST
1741007634.229816: EAP: EAP entering state AAA_IDLE
1741007634.229859: Encapsulating EAP message into a RADIUS packet
1741007634.229958: Copied RADIUS State Attribute
1741007634.230029: 1741007634.230030: enp0s10: RADIUS Sending RADIUS message to authentication server
1741007634.230241: RADIUS message: code=1 (Access-Request) identifier=5 length=1501
1741007634.230297:    Attribute 80 (Message-Authenticator) length=18
1741007634.230347:       Value: 9e76c7ae7a7197343a8295e2f6c736af
1741007634.230396:    Attribute 1 (User-Name) length=18
1741007634.230446:       Value: 'user@example.org'
1741007634.230487:    Attribute 4 (NAS-IP-Address) length=6
1741007634.230538:       Value: 192.168.58.100
1741007634.230589:    Attribute 30 (Called-Station-Id) length=20
1741007634.230636:       Value: '08-00-27-CF-14-FC:'
1741007634.230679:    Attribute 61 (NAS-Port-Type) length=6
1741007634.230730:       Value: 19
1741007634.230767:    Attribute 6 (Service-Type) length=6
1741007634.230810:       Value: 2
1741007634.230853:    Attribute 31 (Calling-Station-Id) length=19
1741007634.230889:       Value: '08-00-27-3B-09-F5'
1741007634.230935:    Attribute 77 (Connect-Info) length=23
1741007634.230979:       Value: 'CONNECT 0Mbps 802.11b'
1741007634.231028:    Attribute 44 (Acct-Session-Id) length=18
1741007634.231075:       Value: '3E69E75A920A2861'
1741007634.231117:    Attribute 12 (Framed-MTU) length=6
1741007634.231161:       Value: 1400
1741007634.231204:    Attribute 79 (EAP-Message) length=255
1741007634.231284:       Value: 024a051f0d00706c652e6f72673126302406035504030c1d4578616d706c6520436572746966696361746520417574686f7269747930820122300d06092a864886f70d01010105000382010f003082010a0282010100b22c849c5c3293029ab62739544eb38827f305d4935b2932c1d56e0f486751406caf648ce12891e867b2599b051d02c4165ac314bb3a8d2b8a4786e829780f20b935ce792b43bdbeac45759f352ba7c1a2bf9c8e33d4701004c189f80dc1257e432fcb879df7f2cff3bab5d847d4ba791155c09f873a748e9f3f887a47070f4a418623aba05700732c6fe8898a4dc714cc00665c2724e1f0a68464edaa098901a85e07adff4b43
1741007634.231332:    Attribute 79 (EAP-Message) length=255
1741007634.231422:       Value: d70399cd84ff4f3fc9e31f3abf8b027b29426956bae4afe0b1fa7f6392c3705ad56d9944f6f8c71923b1896476394b21ec629b1ee8edb1790b9f19cc8e1a5a73032a8ffb766da7d7aa3589c2294b8d5961233f397745e0577f0203010001a38201423082013e301d0603551d0e041604146b1605742c90aee1f8687b497e66d1ce96d711353081d30603551d230481cb3081c880146b1605742c90aee1f8687b497e66d1ce96d71135a18199a48196308193310b3009060355040613024652310f300d06035504080c065261646975733112301006035504070c09536f6d65776865726531153013060355040a0c0c4578616d706c6520496e632e3120
1741007634.231468:    Attribute 79 (EAP-Message) length=255
1741007634.231548:       Value: 301e06092a864886f70d010901161161646d696e406578616d706c652e6f72673126302406035504030c1d4578616d706c6520436572746966696361746520417574686f7269747982145f94ac48a74cbabc4bde9d6bbdf038e8194c70c1300f0603551d130101ff040530030101ff30360603551d1f042f302d302ba029a0278625687474703a2f2f7777772e6578616d706c652e6f72672f6578616d706c655f63612e63726c300d06092a864886f70d01010b05000382010100240eebd478cae18e97bbd47019425fff55088f75e2c6876a8dcc342b4f172b0082cc1266546cf9392eaf79a1d72c07c84341225cb53ae618b3c76006e298e3e3703d
1741007634.231594:    Attribute 79 (EAP-Message) length=255
1741007634.231683:       Value: 43543e50c06664d97e4c5b9f2263f982ad3ef1ae6feea4096366db5bd6b3c7b9077ff242684329f9cb3d3e8a950961654dae9ae8369a156f6ea18a7b1cf688c3cb082df1fe25f331272fa0f410972b3058cdef518d5f7f2e27209126325bed5ea0e20ddf61f8703f158da0ac74b3a57dd1309ecea087836e963b25274a2ca1e9fe60be7e43bad95be2e225b0ea9aa0c559f95c56e5028f66437ee5c4de165e32c78f08005e0103553ae95cfab0cb62bd4e6a812b796e9f2ca20249ff0400160303002510000021202429ca87fe4443fda069adaf1c3cb84bca951c0193ea1192389834350d5ffb5716030301080f000104080401001c6627b8c1dc4ac1
1741007634.231788:    Attribute 79 (EAP-Message) length=255
1741007634.231870:       Value: 5e430d3cbd9a6d139f9512d7b6a5a1ce40d7431367657c01681e54ff48507554e43a98d64e295458e4cb57808935b0b56e260419fab3e4eb11dadf0e28e04f08a177dcbf6d5259a594d22bd3ecf18cb3d0a22a7be3631d816c18a79e145606389ec1d3397cf822a28c5a63daa6eff911b4110dc3fe376188eb121437a5379b22e2486593dea48e3fa6db31c9da9e82d947a542bc4236ec1c852228131028f400d6d7cb8e8df7f4638accba2f5fc747e320d7986f872390414f48c23beddb27b6861a5547beaf316dfc76b80c5d3e7ad7187f00d32a23acf6085bf5eeee03e355c650fd03b7c5a13f7acb6209f8d542d99c8ec3a0eb5a9b5f1403030001
1741007634.231915:    Attribute 79 (EAP-Message) length=48
1741007634.231975:       Value: 011603030028e02741bccc0569beb206d19efcae7c3ca57d3cfe3f5a28df5e97334903ecb12101b49ef386ee5b0d
1741007634.232021:    Attribute 24 (State) length=18
1741007634.232075:       Value: f118589af5525562f0b001d34e6ac38b
1741007634.232118: RADIUS: Send 1501 bytes to the server
1741007634.232233: 1741007634.232234: enp0s10: RADIUS Next RADIUS client retransmit in 3 seconds
1741007634.243278: 1741007634.243280: enp0s10: RADIUS Received 119 bytes from RADIUS server
1741007634.243549: 1741007634.243550: enp0s10: RADIUS Received RADIUS message
1741007634.243764: RADIUS message: code=11 (Access-Challenge) identifier=5 length=119
1741007634.243830:    Attribute 80 (Message-Authenticator) length=18
1741007634.243883:       Value: c0faa2a7ddc572aeea2231584bbfb7fe
1741007634.243932:    Attribute 79 (EAP-Message) length=63
1741007634.243995:       Value: 014b003d0d80000000331403030001011603030028f7f37a2005d4871b6012fb71201b6d5aa30e4bcd30706c806a0fb8720d4724976c3406894b8446c2
1741007634.244063:    Attribute 24 (State) length=18
1741007634.244116:       Value: f118589af4535562f0b001d34e6ac38b
1741007634.244163: 1741007634.244163: enp0s10: STA 08:00:27:3b:09:f5 RADIUS: Received RADIUS packet matched with a pending request, round trip time 0.01 sec
1741007634.244413: RADIUS packet matching with station 08:00:27:3b:09:f5
1741007634.244489: 1741007634.244490: enp0s10: STA 08:00:27:3b:09:f5 IEEE 802.1X: decapsulated EAP packet (code=1 id=75 len=61) from RADIUS server: EAP-Request-TLS (13)
1741007634.244705: EAP: EAP entering state AAA_RESPONSE
1741007634.244763: EAP: getId: id=75
1741007634.244807: EAP: EAP entering state SEND_REQUEST2
1741007634.244856: EAP: EAP entering state IDLE2
1741007634.244900: EAP: retransmit timeout 3 seconds (from dynamic back off; retransCount=0)
1741007634.244950: IEEE 802.1X: 08:00:27:3b:09:f5 BE_AUTH entering state REQUEST
1741007634.244994: 1741007634.244994: enp0s10: STA 08:00:27:3b:09:f5 IEEE 802.1X: Sending EAP Packet (identifier 75)
1741007634.247311: Received EAPOL packet
1741007634.247394: enp0s10: Event NEW_STA (22) received
1741007634.247450: enp0s10: Event EAPOL_RX (23) received
1741007634.247496: No STA-specific hostapd instance for EAPOL RX found - fall back to initial context
1741007634.247539: IEEE 802.1X: 46 bytes from 08:00:27:3b:09:f5 (encrypted=-1)
1741007634.247584:    IEEE 802.1X: version=2 type=0 length=6
1741007634.247633:    ignoring 36 extra octets after IEEE 802.1X packet
1741007634.247681: EAP: code=2 (response) identifier=75 length=6
1741007634.247729: 1741007634.247729: enp0s10: STA 08:00:27:3b:09:f5 IEEE 802.1X: received EAP packet (code=2 id=75 len=6) from STA: EAP Response-TLS (13)
1741007634.247963: IEEE 802.1X: 08:00:27:3b:09:f5 BE_AUTH entering state RESPONSE
1741007634.248030: EAP: EAP entering state RECEIVED2
1741007634.248075: EAP: parseEapResp: rxResp=1 rxInitiate=0 respId=75 respMethod=13 respVendor=0 respVendorMethod=0
1741007634.248125: EAP: EAP entering state AAA_REQUEST
1741007634.248163: EAP: EAP entering state AAA_IDLE
1741007634.248214: Encapsulating EAP message into a RADIUS packet
1741007634.248310: Copied RADIUS State Attribute
1741007634.248377: 1741007634.248378: enp0s10: RADIUS Sending RADIUS message to authentication server
1741007634.248638: RADIUS message: code=1 (Access-Request) identifier=6 length=186
1741007634.248694:    Attribute 80 (Message-Authenticator) length=18
1741007634.248739:       Value: c00099eb246cac94e443c37a20f75980
1741007634.248781:    Attribute 1 (User-Name) length=18
1741007634.248826:       Value: 'user@example.org'
1741007634.248867:    Attribute 4 (NAS-IP-Address) length=6
1741007634.248918:       Value: 192.168.58.100
1741007634.248963:    Attribute 30 (Called-Station-Id) length=20
1741007634.249005:       Value: '08-00-27-CF-14-FC:'
1741007634.249047:    Attribute 61 (NAS-Port-Type) length=6
1741007634.249103:       Value: 19
1741007634.249147:    Attribute 6 (Service-Type) length=6
1741007634.249194:       Value: 2
1741007634.249244:    Attribute 31 (Calling-Station-Id) length=19
1741007634.249291:       Value: '08-00-27-3B-09-F5'
1741007634.249335:    Attribute 77 (Connect-Info) length=23
1741007634.249380:       Value: 'CONNECT 0Mbps 802.11b'
1741007634.249429:    Attribute 44 (Acct-Session-Id) length=18
1741007634.249472:       Value: '3E69E75A920A2861'
1741007634.249513:    Attribute 12 (Framed-MTU) length=6
1741007634.249559:       Value: 1400
1741007634.249608:    Attribute 79 (EAP-Message) length=8
1741007634.249653:       Value: 024b00060d00
1741007634.249703:    Attribute 24 (State) length=18
1741007634.249749:       Value: f118589af4535562f0b001d34e6ac38b
1741007634.249792: RADIUS: Send 186 bytes to the server
1741007634.249859: 1741007634.249859: enp0s10: RADIUS Next RADIUS client retransmit in 3 seconds
1741007634.256576: 1741007634.256577: enp0s10: RADIUS Received 184 bytes from RADIUS server
1741007634.256830: 1741007634.256832: enp0s10: RADIUS Received RADIUS message
1741007634.257040: RADIUS message: code=2 (Access-Accept) identifier=6 length=184
1741007634.257121:    Attribute 80 (Message-Authenticator) length=18
1741007634.257179:       Value: a0fcacad533d79695e7567f072fa04cc
1741007634.257222:    Attribute 26 (Vendor-Specific) length=58
1741007634.257273:       Value: 00000137113482a15bb79e0c70e66819ef8d9e94be5d8ef7ee16548cc79679935cc88c2a940e16daf819ea93cbf198dd4b86bf6cb5346f09
1741007634.257318:    Attribute 26 (Vendor-Specific) length=58
1741007634.257373:       Value: 0000013710348d525ab147216e4c209a25faaccc6870f6195ee802030099763bf481b7be98a113c075fdd5afe737e6bf32ff87e8e9ad04e6
1741007634.257423:    Attribute 79 (EAP-Message) length=6
1741007634.257467:       Value: 034b0004
1741007634.257510:    Attribute 1 (User-Name) length=18
1741007634.257554:       Value: 'user@example.org'
1741007634.257603:    Attribute 12 (Framed-MTU) length=6
1741007634.257647:       Value: 994
1741007634.257687: 1741007634.257687: enp0s10: STA 08:00:27:3b:09:f5 RADIUS: Received RADIUS packet matched with a pending request, round trip time 0.00 sec
1741007634.257914: RADIUS packet matching with station 08:00:27:3b:09:f5
1741007634.257984: MS-MPPE-Send-Key - hexdump(len=32): fa aa 2b 56 74 5e 8f 91 ef be 6b 0e d9 82 cd f9 8b 1a 87 ac 4e c9 d6 3f cf 26 e3 3b a3 0b 7b 4b
1741007634.258034: MS-MPPE-Recv-Key - hexdump(len=32): 68 a2 72 87 e3 e9 eb 6b 0c 95 c5 76 f2 2c 57 8d 71 f4 34 c4 31 77 ed c4 5e 3d 19 40 05 ac 4a 79
1741007634.258082: 1741007634.258083: enp0s10: STA 08:00:27:3b:09:f5 IEEE 802.1X: old identity 'user@example.org' updated with User-Name from Access-Accept 'user@example.org'
1741007634.258294: 1741007634.258296: enp0s10: STA 08:00:27:3b:09:f5 IEEE 802.1X: decapsulated EAP packet (code=3 id=75 len=4) from RADIUS server: EAP Success
1741007634.258504: EAP: EAP entering state SUCCESS2
1741007634.258564: enp0s10: CTRL-EVENT-EAP-SUCCESS2 08:00:27:3b:09:f5
1741007634.258614: IEEE 802.1X: 08:00:27:3b:09:f5 BE_AUTH entering state SUCCESS
1741007634.258668: 1741007634.258668: enp0s10: STA 08:00:27:3b:09:f5 IEEE 802.1X: Sending EAP Packet (identifier 75)
1741007634.258901: IEEE 802.1X: 08:00:27:3b:09:f5 AUTH_PAE entering state AUTHENTICATED
1741007634.258988: enp0s10: AP-STA-CONNECTED 08:00:27:3b:09:f5
1741007634.259036: 1741007634.259037: enp0s10: STA 08:00:27:3b:09:f5 IEEE 802.1X: authorizing port
1741007634.259356: 1741007634.259357: enp0s10: STA 08:00:27:3b:09:f5 RADIUS: starting accounting session 3E69E75A920A2861
1741007634.259587: 1741007634.259588: enp0s10: STA 08:00:27:3b:09:f5 IEEE 802.1X: authenticated - EAP type: 13 (TLS)
1741007634.259814: IEEE 802.1X: 08:00:27:3b:09:f5 BE_AUTH entering state IDLE
1741007637.149635: IEEE 802.1X: 08:00:27:3b:09:f5 - (EAP) retransWhile --> 0
1741007664.174471: IEEE 802.1X: 08:00:27:3b:09:f5 - aWhile --> 0
1741014899.789498: IEEE 802.1X: 08:00:27:3b:09:f5 - reAuthWhen --> 0
1741014899.789693: IEEE 802.1X: 08:00:27:3b:09:f5 REAUTH_TIMER entering state REAUTHENTICATE
1741014899.789753: IEEE 802.1X: 08:00:27:3b:09:f5 AUTH_PAE entering state RESTART
1741014899.789805: IEEE 802.1X: 08:00:27:3b:09:f5 REAUTH_TIMER entering state INITIALIZE
1741014899.789859: EAP: EAP entering state INITIALIZE
1741014899.789915: enp0s10: CTRL-EVENT-EAP-STARTED 08:00:27:3b:09:f5
1741014899.789968: EAP: EAP entering state SELECT_ACTION
1741014899.790016: EAP: getDecision: no identity known yet -> CONTINUE
1741014899.790067: EAP: EAP entering state PROPOSE_METHOD
1741014899.790114: EAP: getNextMethod: vendor 0 type 1
1741014899.790165: enp0s10: CTRL-EVENT-EAP-PROPOSED-METHOD vendor=0 method=1
1741014899.790213: EAP: EAP entering state METHOD_REQUEST
1741014899.790264: EAP: building EAP-Request: Identifier 228
1741014899.790312: EAP: EAP entering state SEND_REQUEST
1741014899.790366: EAP: EAP entering state IDLE
1741014899.790403: EAP: retransmit timeout 3 seconds (from dynamic back off; retransCount=0)
1741014899.790456: IEEE 802.1X: 08:00:27:3b:09:f5 AUTH_PAE entering state CONNECTING
1741014899.790510: IEEE 802.1X: 08:00:27:3b:09:f5 AUTH_PAE entering state AUTHENTICATING
1741014899.790551: IEEE 802.1X: 08:00:27:3b:09:f5 BE_AUTH entering state REQUEST
1741014899.790593: 1741014899.790593: enp0s10: STA 08:00:27:3b:09:f5 IEEE 802.1X: Sending EAP Packet (identifier 228)
1741014899.792184: Received EAPOL packet
1741014899.792239: enp0s10: Event NEW_STA (22) received
1741014899.792280: enp0s10: Event EAPOL_RX (23) received
1741014899.792315: No STA-specific hostapd instance for EAPOL RX found - fall back to initial context
1741014899.792352: IEEE 802.1X: 46 bytes from 08:00:27:3b:09:f5 (encrypted=-1)
1741014899.792387:    IEEE 802.1X: version=2 type=0 length=21
1741014899.792422:    ignoring 21 extra octets after IEEE 802.1X packet
1741014899.792456: EAP: code=2 (response) identifier=228 length=21
1741014899.792497: 1741014899.792497: enp0s10: STA 08:00:27:3b:09:f5 IEEE 802.1X: received EAP packet (code=2 id=228 len=21) from STA: EAP Response-Identity (1)
1741014899.792550: IEEE 802.1X: 08:00:27:3b:09:f5 BE_AUTH entering state RESPONSE
1741014899.792677: EAP: EAP entering state RECEIVED
1741014899.792720: EAP: parseEapResp: rxResp=1 rxInitiate=0 respId=228 respMethod=1 respVendor=0 respVendorMethod=0
1741014899.792756: EAP: EAP entering state INTEGRITY_CHECK
1741014899.792792: EAP: EAP entering state METHOD_RESPONSE
1741014899.792828: EAP-Identity: Peer identity - hexdump_ascii(len=16):
     75 73 65 72 40 65 78 61 6d 70 6c 65 2e 6f 72 67   user@example.org
1741014899.792901: EAP: EAP entering state SELECT_ACTION
1741014899.792936: EAP: getDecision: -> PASSTHROUGH
1741014899.792971: EAP: EAP entering state INITIALIZE_PASSTHROUGH
1741014899.793005: EAP: EAP entering state AAA_REQUEST
1741014899.793043: EAP: EAP entering state AAA_IDLE
1741014899.793082: 1741014899.793082: enp0s10: STA 08:00:27:3b:09:f5 IEEE 802.1X: STA identity 'user@example.org'
1741014899.793125: Encapsulating EAP message into a RADIUS packet
1741014899.793298: 1741014899.793298: enp0s10: RADIUS Sending RADIUS message to authentication server
1741014899.793342: RADIUS message: code=1 (Access-Request) identifier=7 length=183
1741014899.793432:    Attribute 80 (Message-Authenticator) length=18
1741014899.793510:       Value: ca4dad6284b9c444050bbcab4083b95b
1741014899.793546:    Attribute 1 (User-Name) length=18
1741014899.793582:       Value: 'user@example.org'
1741014899.793616:    Attribute 4 (NAS-IP-Address) length=6
1741014899.793655:       Value: 192.168.58.100
1741014899.793731:    Attribute 30 (Called-Station-Id) length=20
1741014899.793767:       Value: '08-00-27-CF-14-FC:'
1741014899.793804:    Attribute 61 (NAS-Port-Type) length=6
1741014899.793838:       Value: 19
1741014899.793873:    Attribute 6 (Service-Type) length=6
1741014899.793907:       Value: 2
1741014899.793941:    Attribute 31 (Calling-Station-Id) length=19
1741014899.793975:       Value: '08-00-27-3B-09-F5'
1741014899.794009:    Attribute 77 (Connect-Info) length=23
1741014899.794042:       Value: 'CONNECT 0Mbps 802.11b'
1741014899.794077:    Attribute 44 (Acct-Session-Id) length=18
1741014899.794112:       Value: '3E69E75A920A2861'
1741014899.794146:    Attribute 12 (Framed-MTU) length=6
1741014899.794183:       Value: 1400
1741014899.794216:    Attribute 79 (EAP-Message) length=23
1741014899.794253:       Value: 02e400150175736572406578616d706c652e6f7267
1741014899.794287: RADIUS: Send 183 bytes to the server
1741014899.794356: 1741014899.794356: enp0s10: RADIUS Next RADIUS client retransmit in 3 seconds
1741014899.798086: 1741014899.798086: enp0s10: RADIUS Received 64 bytes from RADIUS server
1741014899.798152: 1741014899.798152: enp0s10: RADIUS Received RADIUS message
1741014899.798268: RADIUS message: code=11 (Access-Challenge) identifier=7 length=64
1741014899.798359:    Attribute 80 (Message-Authenticator) length=18
1741014899.798404:       Value: 6795147bad1d2342e3b78893ff0f7a7c
1741014899.798445:    Attribute 79 (EAP-Message) length=8
1741014899.798482:       Value: 01e500060d20
1741014899.798518:    Attribute 24 (State) length=18
1741014899.798554:       Value: 1b8b24da1b6e29fc407292bb3210fdf5
1741014899.798590: 1741014899.798590: enp0s10: STA 08:00:27:3b:09:f5 RADIUS: Received RADIUS packet matched with a pending request, round trip time 0.00 sec
1741014899.798649: RADIUS packet matching with station 08:00:27:3b:09:f5
1741014899.798754: 1741014899.798755: enp0s10: STA 08:00:27:3b:09:f5 IEEE 802.1X: decapsulated EAP packet (code=1 id=229 len=6) from RADIUS server: EAP-Request-TLS (13)
1741014899.798809: EAP: EAP entering state AAA_RESPONSE
1741014899.798959: EAP: getId: id=229
1741014899.799006: EAP: EAP entering state SEND_REQUEST2
1741014899.799041: EAP: EAP entering state IDLE2
1741014899.799072: EAP: retransmit timeout 3 seconds (from dynamic back off; retransCount=0)
1741014899.799115: IEEE 802.1X: 08:00:27:3b:09:f5 BE_AUTH entering state REQUEST
1741014899.799153: 1741014899.799154: enp0s10: STA 08:00:27:3b:09:f5 IEEE 802.1X: Sending EAP Packet (identifier 229)
1741014899.801698: Received EAPOL packet
1741014899.801764: enp0s10: Event NEW_STA (22) received
1741014899.801806: enp0s10: Event EAPOL_RX (23) received
1741014899.801845: No STA-specific hostapd instance for EAPOL RX found - fall back to initial context
1741014899.801884: IEEE 802.1X: 194 bytes from 08:00:27:3b:09:f5 (encrypted=-1)
1741014899.801927:    IEEE 802.1X: version=2 type=0 length=190
1741014899.801976: EAP: code=2 (response) identifier=229 length=190
1741014899.802034: 1741014899.802035: enp0s10: STA 08:00:27:3b:09:f5 IEEE 802.1X: received EAP packet (code=2 id=229 len=190) from STA: EAP Response-TLS (13)
1741014899.802095: IEEE 802.1X: 08:00:27:3b:09:f5 BE_AUTH entering state RESPONSE
1741014899.802270: EAP: EAP entering state RECEIVED2
1741014899.802316: EAP: parseEapResp: rxResp=1 rxInitiate=0 respId=229 respMethod=13 respVendor=0 respVendorMethod=0
1741014899.802357: EAP: EAP entering state AAA_REQUEST
1741014899.802396: EAP: EAP entering state AAA_IDLE
1741014899.802434: Encapsulating EAP message into a RADIUS packet
1741014899.802509: Copied RADIUS State Attribute
1741014899.802568: 1741014899.802568: enp0s10: RADIUS Sending RADIUS message to authentication server
1741014899.802615: RADIUS message: code=1 (Access-Request) identifier=8 length=370
1741014899.802716:    Attribute 80 (Message-Authenticator) length=18
1741014899.802761:       Value: 0aae0cef14fa3628f50f564d3323b7a5
1741014899.802805:    Attribute 1 (User-Name) length=18
1741014899.802852:       Value: 'user@example.org'
1741014899.802943:    Attribute 4 (NAS-IP-Address) length=6
1741014899.802981:       Value: 192.168.58.100
1741014899.803021:    Attribute 30 (Called-Station-Id) length=20
1741014899.803059:       Value: '08-00-27-CF-14-FC:'
1741014899.803120:    Attribute 61 (NAS-Port-Type) length=6
1741014899.803183:       Value: 19
1741014899.803227:    Attribute 6 (Service-Type) length=6
1741014899.803270:       Value: 2
1741014899.803311:    Attribute 31 (Calling-Station-Id) length=19
1741014899.803352:       Value: '08-00-27-3B-09-F5'
1741014899.803395:    Attribute 77 (Connect-Info) length=23
1741014899.803436:       Value: 'CONNECT 0Mbps 802.11b'
1741014899.803478:    Attribute 44 (Acct-Session-Id) length=18
1741014899.803520:       Value: '3E69E75A920A2861'
1741014899.803561:    Attribute 12 (Framed-MTU) length=6
1741014899.803603:       Value: 1400
1741014899.803645:    Attribute 79 (EAP-Message) length=192
1741014899.803702:       Value: 02e500be0d0016030100b3010000af030316f428b392c21062e7d15157dc696538447864c5bb8498452489fd35f770d761000038c02cc030009fcca9cca8ccaac02bc02f009ec024c028006bc023c0270067c00ac0140039c009c0130033009d009c003d003c0035002f00ff0100004e000b000403000102000a000c000a001d0017001e001900180016000000170000000d002a0028040305030603080708080809080a080b080408050806040105010601030303010302040205020602
1741014899.803744:    Attribute 24 (State) length=18
1741014899.803788:       Value: 1b8b24da1b6e29fc407292bb3210fdf5
1741014899.803829: RADIUS: Send 370 bytes to the server
1741014899.803898: 1741014899.803899: enp0s10: RADIUS Next RADIUS client retransmit in 3 seconds
1741014899.817024: 1741014899.817026: enp0s10: RADIUS Received 1068 bytes from RADIUS server
1741014899.817143: 1741014899.817144: enp0s10: RADIUS Received RADIUS message
1741014899.817416: RADIUS message: code=11 (Access-Challenge) identifier=8 length=1068
1741014899.817588:    Attribute 80 (Message-Authenticator) length=18
1741014899.817954:       Value: 46789a47145b898c7eab4cedf16dbd21
1741014899.817991:    Attribute 79 (EAP-Message) length=255
1741014899.818062:       Value: 01e603ec0dc000000b97160303003d020000390303c76349692079d5a0d73a00da1f6ed4a533464036ac98a648c65d1a6b5853151400c030000011ff01000100000b0004030001020017000016030309450b00094100093e00043a308204363082031ea003020102020101300d06092a864886f70d01010b0500308193310b3009060355040613024652310f300d06035504080c065261646975733112301006035504070c09536f6d65776865726531153013060355040a0c0c4578616d706c6520496e632e3120301e06092a864886f70d010901161161646d696e406578616d706c652e6f72673126302406035504030c1d4578616d706c65204365
1741014899.818110:    Attribute 79 (EAP-Message) length=255
1741014899.818179:       Value: 72746966696361746520417574686f72697479301e170d3235303330333132343633365a170d3235303530323132343633365a307c310b3009060355040613024652310f300d06035504080c0652616469757331153013060355040a0c0c4578616d706c6520496e632e3123302106035504030c1a4578616d706c65205365727665722043657274696669636174653120301e06092a864886f70d010901161161646d696e406578616d706c652e6f726730820122300d06092a864886f70d01010105000382010f003082010a0282010100ad13a1637be40c49e2f793a3437b411bdfcdd5e77cd81007444fa0f40a77ce082686ce8e77c70360f71f13
1741014899.818227:    Attribute 79 (EAP-Message) length=255
1741014899.818295:       Value: f28054be7f56f69de30bc8ce5875bee5423ab76ee88f59ba9c6a7b41ecf7aa1e6f5d7a86c4ff6295a6600a9a971f9c88104163bd438dc758b6cb6651b5ae40ce60e7a6ebb14dbf32c09d90e1e255ed8985864d06fbb73205e24d38dca3c51e4bdcf86a46006c9f8054ebb7e20ec7d5b42e139ea4ceab58ff6556e0e153c15c5184cab42a112eee53659c59b1f1aa694a1e7743cc5183e8beb3d09a3f03f4a8c0096d9f40902959d395c98d30fc49dcae22cbb21787b3ccecb419c8fe32a925c179f9d287c1a9b7e18592c93c9212e2f81fb0c95e250203010001a381aa3081a730130603551d25040c300a06082b0601050507030130360603551d1f04
1741014899.818344:    Attribute 79 (EAP-Message) length=247
1741014899.818411:       Value: 2f302d302ba029a0278625687474703a2f2f7777772e6578616d706c652e636f6d2f6578616d706c655f63612e63726c30180603551d200411300f300d060b2b0601040182be68010302301d0603551d0e04160414c0b027404bd3e1440e3ca2f871a7b2b9c485736e301f0603551d230418301680146b1605742c90aee1f8687b497e66d1ce96d71135300d06092a864886f70d01010b05000382010100a92acd026da8c82585a3cd16421fa9775c53cf13fc97a484f7747c05292135707e786402e28d159423af83f8124f2d07bc33acdb7ba9e1259de172d20bdff4d959af83a2c9d6b3ce762be7250e3151040315cc0f694e1d
1741014899.818514:    Attribute 24 (State) length=18
1741014899.818563:       Value: 1b8b24da1a6d29fc407292bb3210fdf5
1741014899.818609: 1741014899.818609: enp0s10: STA 08:00:27:3b:09:f5 RADIUS: Received RADIUS packet matched with a pending request, round trip time 0.01 sec
1741014899.818699: RADIUS packet matching with station 08:00:27:3b:09:f5
1741014899.818835: 1741014899.818836: enp0s10: STA 08:00:27:3b:09:f5 IEEE 802.1X: decapsulated EAP packet (code=1 id=230 len=1004) from RADIUS server: EAP-Request-TLS (13)
1741014899.818901: EAP: EAP entering state AAA_RESPONSE
1741014899.819023: EAP: getId: id=230
1741014899.819073: EAP: EAP entering state SEND_REQUEST2
1741014899.819159: EAP: EAP entering state IDLE2
1741014899.819203: EAP: retransmit timeout 3 seconds (from dynamic back off; retransCount=0)
1741014899.819244: IEEE 802.1X: 08:00:27:3b:09:f5 BE_AUTH entering state REQUEST
1741014899.819293: 1741014899.819293: enp0s10: STA 08:00:27:3b:09:f5 IEEE 802.1X: Sending EAP Packet (identifier 230)
1741014899.820667: Received EAPOL packet
1741014899.820745: enp0s10: Event NEW_STA (22) received
1741014899.820793: enp0s10: Event EAPOL_RX (23) received
1741014899.820833: No STA-specific hostapd instance for EAPOL RX found - fall back to initial context
1741014899.820874: IEEE 802.1X: 46 bytes from 08:00:27:3b:09:f5 (encrypted=-1)
1741014899.820917:    IEEE 802.1X: version=2 type=0 length=6
1741014899.820957:    ignoring 36 extra octets after IEEE 802.1X packet
1741014899.820999: EAP: code=2 (response) identifier=230 length=6
1741014899.821039: 1741014899.821039: enp0s10: STA 08:00:27:3b:09:f5 IEEE 802.1X: received EAP packet (code=2 id=230 len=6) from STA: EAP Response-TLS (13)
1741014899.821094: IEEE 802.1X: 08:00:27:3b:09:f5 BE_AUTH entering state RESPONSE
1741014899.821209: EAP: EAP entering state RECEIVED2
1741014899.821255: EAP: parseEapResp: rxResp=1 rxInitiate=0 respId=230 respMethod=13 respVendor=0 respVendorMethod=0
1741014899.821294: EAP: EAP entering state AAA_REQUEST
1741014899.821333: EAP: EAP entering state AAA_IDLE
1741014899.821371: Encapsulating EAP message into a RADIUS packet
1741014899.821443: Copied RADIUS State Attribute
1741014899.821521: 1741014899.821521: enp0s10: RADIUS Sending RADIUS message to authentication server
1741014899.821647: RADIUS message: code=1 (Access-Request) identifier=9 length=186
1741014899.821695:    Attribute 80 (Message-Authenticator) length=18
1741014899.821735:       Value: d77a7bd2fed51c4a7fc6ce495c547b6e
1741014899.821773:    Attribute 1 (User-Name) length=18
1741014899.821810:       Value: 'user@example.org'
1741014899.821848:    Attribute 4 (NAS-IP-Address) length=6
1741014899.821890:       Value: 192.168.58.100
1741014899.821929:    Attribute 30 (Called-Station-Id) length=20
1741014899.821968:       Value: '08-00-27-CF-14-FC:'
1741014899.822007:    Attribute 61 (NAS-Port-Type) length=6
1741014899.822044:       Value: 19
1741014899.822081:    Attribute 6 (Service-Type) length=6
1741014899.822121:       Value: 2
1741014899.822159:    Attribute 31 (Calling-Station-Id) length=19
1741014899.822196:       Value: '08-00-27-3B-09-F5'
1741014899.822234:    Attribute 77 (Connect-Info) length=23
1741014899.822271:       Value: 'CONNECT 0Mbps 802.11b'
1741014899.822309:    Attribute 44 (Acct-Session-Id) length=18
1741014899.822346:       Value: '3E69E75A920A2861'
1741014899.822384:    Attribute 12 (Framed-MTU) length=6
1741014899.822430:       Value: 1400
1741014899.822474:    Attribute 79 (EAP-Message) length=8
1741014899.822514:       Value: 02e600060d00
1741014899.822552:    Attribute 24 (State) length=18
1741014899.822591:       Value: 1b8b24da1a6d29fc407292bb3210fdf5
1741014899.822627: RADIUS: Send 186 bytes to the server
1741014899.822691: 1741014899.822691: enp0s10: RADIUS Next RADIUS client retransmit in 3 seconds
1741014899.827297: 1741014899.827298: enp0s10: RADIUS Received 1068 bytes from RADIUS server
1741014899.827498: 1741014899.827499: enp0s10: RADIUS Received RADIUS message
1741014899.827625: RADIUS message: code=11 (Access-Challenge) identifier=9 length=1068
1741014899.827671:    Attribute 80 (Message-Authenticator) length=18
1741014899.827715:       Value: 6b8b4dedcd193dffaad6304532641dd7
1741014899.827754:    Attribute 79 (EAP-Message) length=255
1741014899.827811:       Value: 01e703ec0dc000000b9777337cbd678b387f083537aa4e3a5fef0ce305c0ad8ea1084bf470721d412eef71aaf237dff3edc2d26f2d4a5ef462cff5f751ef8d71a79b73eef8e73dece669331befcc27287879737a7a75f6fc169b2212467b2d3a2bbae3d27b27b234574a9d67bccf31948a66767c45805ce125530eb3e9dec8453e491761d1c733777efcae5e82001db8d47c56dbc1894dc657a11159983d2fc1c409ea5c36ddda37d466d51258ad6fd907bddd0004fe308204fa308203e2a00302010202145f94ac48a74cbabc4bde9d6bbdf038e8194c70c1300d06092a864886f70d01010b0500308193310b3009060355040613024652310f300d06
1741014899.827851:    Attribute 79 (EAP-Message) length=255
1741014899.827906:       Value: 035504080c065261646975733112301006035504070c09536f6d65776865726531153013060355040a0c0c4578616d706c6520496e632e3120301e06092a864886f70d010901161161646d696e406578616d706c652e6f72673126302406035504030c1d4578616d706c6520436572746966696361746520417574686f72697479301e170d3235303330333132343633365a170d3235303530323132343633365a308193310b3009060355040613024652310f300d06035504080c065261646975733112301006035504070c09536f6d65776865726531153013060355040a0c0c4578616d706c6520496e632e3120301e06092a864886f70d01090116
1741014899.827951:    Attribute 79 (EAP-Message) length=255
1741014899.828007:       Value: 1161646d696e406578616d706c652e6f72673126302406035504030c1d4578616d706c6520436572746966696361746520417574686f7269747930820122300d06092a864886f70d01010105000382010f003082010a0282010100b22c849c5c3293029ab62739544eb38827f305d4935b2932c1d56e0f486751406caf648ce12891e867b2599b051d02c4165ac314bb3a8d2b8a4786e829780f20b935ce792b43bdbeac45759f352ba7c1a2bf9c8e33d4701004c189f80dc1257e432fcb879df7f2cff3bab5d847d4ba791155c09f873a748e9f3f887a47070f4a418623aba05700732c6fe8898a4dc714cc00665c2724e1f0a68464edaa098901a85e
1741014899.828061:    Attribute 79 (EAP-Message) length=247
1741014899.828118:       Value: 07adff4b43d70399cd84ff4f3fc9e31f3abf8b027b29426956bae4afe0b1fa7f6392c3705ad56d9944f6f8c71923b1896476394b21ec629b1ee8edb1790b9f19cc8e1a5a73032a8ffb766da7d7aa3589c2294b8d5961233f397745e0577f0203010001a38201423082013e301d0603551d0e041604146b1605742c90aee1f8687b497e66d1ce96d711353081d30603551d230481cb3081c880146b1605742c90aee1f8687b497e66d1ce96d71135a18199a48196308193310b3009060355040613024652310f300d06035504080c065261646975733112301006035504070c09536f6d65776865726531153013060355040a0c0c45
1741014899.828157:    Attribute 24 (State) length=18
1741014899.828197:       Value: 1b8b24da196c29fc407292bb3210fdf5
1741014899.828238: 1741014899.828238: enp0s10: STA 08:00:27:3b:09:f5 RADIUS: Received RADIUS packet matched with a pending request, round trip time 0.00 sec
1741014899.828385: RADIUS packet matching with station 08:00:27:3b:09:f5
1741014899.828436: 1741014899.828436: enp0s10: STA 08:00:27:3b:09:f5 IEEE 802.1X: decapsulated EAP packet (code=1 id=231 len=1004) from RADIUS server: EAP-Request-TLS (13)
1741014899.828562: EAP: EAP entering state AAA_RESPONSE
1741014899.828610: EAP: getId: id=231
1741014899.828652: EAP: EAP entering state SEND_REQUEST2
1741014899.828691: EAP: EAP entering state IDLE2
1741014899.828729: EAP: retransmit timeout 3 seconds (from dynamic back off; retransCount=0)
1741014899.828767: IEEE 802.1X: 08:00:27:3b:09:f5 BE_AUTH entering state REQUEST
1741014899.828809: 1741014899.828809: enp0s10: STA 08:00:27:3b:09:f5 IEEE 802.1X: Sending EAP Packet (identifier 231)
1741014899.830100: Received EAPOL packet
1741014899.830150: enp0s10: Event NEW_STA (22) received
1741014899.830191: enp0s10: Event EAPOL_RX (23) received
1741014899.830230: No STA-specific hostapd instance for EAPOL RX found - fall back to initial context
1741014899.830268: IEEE 802.1X: 46 bytes from 08:00:27:3b:09:f5 (encrypted=-1)
1741014899.830355:    IEEE 802.1X: version=2 type=0 length=6
1741014899.830397:    ignoring 36 extra octets after IEEE 802.1X packet
1741014899.830436: EAP: code=2 (response) identifier=231 length=6
1741014899.830476: 1741014899.830476: enp0s10: STA 08:00:27:3b:09:f5 IEEE 802.1X: received EAP packet (code=2 id=231 len=6) from STA: EAP Response-TLS (13)
1741014899.830614: IEEE 802.1X: 08:00:27:3b:09:f5 BE_AUTH entering state RESPONSE
1741014899.830661: EAP: EAP entering state RECEIVED2
1741014899.830703: EAP: parseEapResp: rxResp=1 rxInitiate=0 respId=231 respMethod=13 respVendor=0 respVendorMethod=0
1741014899.830742: EAP: EAP entering state AAA_REQUEST
1741014899.830780: EAP: EAP entering state AAA_IDLE
1741014899.830819: Encapsulating EAP message into a RADIUS packet
1741014899.830891: Copied RADIUS State Attribute
1741014899.830942: 1741014899.830942: enp0s10: RADIUS Sending RADIUS message to authentication server
1741014899.831065: RADIUS message: code=1 (Access-Request) identifier=10 length=186
1741014899.831113:    Attribute 80 (Message-Authenticator) length=18
1741014899.831156:       Value: 7df15d5f01ccfe5f88dede0fb92d6409
1741014899.831210:    Attribute 1 (User-Name) length=18
1741014899.831254:       Value: 'user@example.org'
1741014899.831296:    Attribute 4 (NAS-IP-Address) length=6
1741014899.831341:       Value: 192.168.58.100
1741014899.831385:    Attribute 30 (Called-Station-Id) length=20
1741014899.831443:       Value: '08-00-27-CF-14-FC:'
1741014899.831492:    Attribute 61 (NAS-Port-Type) length=6
1741014899.831546:       Value: 19
1741014899.831587:    Attribute 6 (Service-Type) length=6
1741014899.831617:       Value: 2
1741014899.831660:    Attribute 31 (Calling-Station-Id) length=19
1741014899.831732:       Value: '08-00-27-3B-09-F5'
1741014899.831780:    Attribute 77 (Connect-Info) length=23
1741014899.831821:       Value: 'CONNECT 0Mbps 802.11b'
1741014899.831866:    Attribute 44 (Acct-Session-Id) length=18
1741014899.831907:       Value: '3E69E75A920A2861'
1741014899.831958:    Attribute 12 (Framed-MTU) length=6
1741014899.831997:       Value: 1400
1741014899.832049:    Attribute 79 (EAP-Message) length=8
1741014899.832094:       Value: 02e700060d00
1741014899.832141:    Attribute 24 (State) length=18
1741014899.832186:       Value: 1b8b24da196c29fc407292bb3210fdf5
1741014899.832228: RADIUS: Send 186 bytes to the server
1741014899.832289: 1741014899.832289: enp0s10: RADIUS Next RADIUS client retransmit in 3 seconds
1741014899.836983: 1741014899.836984: enp0s10: RADIUS Received 1053 bytes from RADIUS server
1741014899.837147: 1741014899.837147: enp0s10: RADIUS Received RADIUS message
1741014899.837273: RADIUS message: code=11 (Access-Challenge) identifier=10 length=1053
1741014899.837325:    Attribute 80 (Message-Authenticator) length=18
1741014899.837368:       Value: dc9da1ffbccc0f93a46a8f6aae80b0fd
1741014899.837408:    Attribute 79 (EAP-Message) length=255
1741014899.837480:       Value: 01e803dd0d8000000b9778616d706c6520496e632e3120301e06092a864886f70d010901161161646d696e406578616d706c652e6f72673126302406035504030c1d4578616d706c6520436572746966696361746520417574686f7269747982145f94ac48a74cbabc4bde9d6bbdf038e8194c70c1300f0603551d130101ff040530030101ff30360603551d1f042f302d302ba029a0278625687474703a2f2f7777772e6578616d706c652e6f72672f6578616d706c655f63612e63726c300d06092a864886f70d01010b05000382010100240eebd478cae18e97bbd47019425fff55088f75e2c6876a8dcc342b4f172b0082cc1266546cf9392eaf79
1741014899.837522:    Attribute 79 (EAP-Message) length=255
1741014899.837579:       Value: a1d72c07c84341225cb53ae618b3c76006e298e3e3703d43543e50c06664d97e4c5b9f2263f982ad3ef1ae6feea4096366db5bd6b3c7b9077ff242684329f9cb3d3e8a950961654dae9ae8369a156f6ea18a7b1cf688c3cb082df1fe25f331272fa0f410972b3058cdef518d5f7f2e27209126325bed5ea0e20ddf61f8703f158da0ac74b3a57dd1309ecea087836e963b25274a2ca1e9fe60be7e43bad95be2e225b0ea9aa0c559f95c56e5028f66437ee5c4de165e32c78f08005e0103553ae95cfab0cb62bd4e6a812b796e9f2ca20249ff0400160303012c0c00012803001d20ed1f614632842e0cb83669cd84af96cc32ac6f4af04a5394b25409
1741014899.837669:    Attribute 79 (EAP-Message) length=255
1741014899.837724:       Value: fbec095e370804010000a3e292cf60bab72017e52bdb49186b9019045ce38e7835c5d5b98c17498b3b5fbee25c8b917ccad61d2af1edfcdcbba064bdb87e62141472a1285f9022721a9d41cee61b9e9a63148be6bf35e81b2711a8ceb6bc5feea5c9e6adc96d16d16a9d153ca817448e57fea28e16f03fd11ce5f8e47b966078385db44e2299f6d0d1974daff1409588b5ed0df0f55e10e81521c59b4eab87342926bde8ccf619e4bea85583542e7e26d8c60d49bacf8fc2847d74bf6a5fc8dc6addf23c7da6e6151251a62935865516f802772c3ef28b86a8bc540a7b7f4d7776b07f9c6f3b0b73773e7a955d571d65035370561132c6f939284ba64b
1741014899.837763:    Attribute 79 (EAP-Message) length=232
1741014899.837820:       Value: b53467d153a5f9359968e3be16030300cc0d0000c8030102400028040305030603080708080809080a080b08040805080604010501060103030301030204020502060200980096308193310b3009060355040613024652310f300d06035504080c065261646975733112301006035504070c09536f6d65776865726531153013060355040a0c0c4578616d706c6520496e632e3120301e06092a864886f70d010901161161646d696e406578616d706c652e6f72673126302406035504030c1d4578616d706c6520436572746966696361746520417574686f7269747916030300040e000000
1741014899.837858:    Attribute 24 (State) length=18
1741014899.837897:       Value: 1b8b24da186329fc407292bb3210fdf5
1741014899.837938: 1741014899.837938: enp0s10: STA 08:00:27:3b:09:f5 RADIUS: Received RADIUS packet matched with a pending request, round trip time 0.00 sec
1741014899.838085: RADIUS packet matching with station 08:00:27:3b:09:f5
1741014899.838136: 1741014899.838137: enp0s10: STA 08:00:27:3b:09:f5 IEEE 802.1X: decapsulated EAP packet (code=1 id=232 len=989) from RADIUS server: EAP-Request-TLS (13)
1741014899.838259: EAP: EAP entering state AAA_RESPONSE
1741014899.838306: EAP: getId: id=232
1741014899.838345: EAP: EAP entering state SEND_REQUEST2
1741014899.838384: EAP: EAP entering state IDLE2
1741014899.838424: EAP: retransmit timeout 3 seconds (from dynamic back off; retransCount=0)
1741014899.838462: IEEE 802.1X: 08:00:27:3b:09:f5 BE_AUTH entering state REQUEST
1741014899.838502: 1741014899.838502: enp0s10: STA 08:00:27:3b:09:f5 IEEE 802.1X: Sending EAP Packet (identifier 232)
1741014899.846524: Received EAPOL packet
1741014899.846630: enp0s10: Event NEW_STA (22) received
1741014899.846673: enp0s10: Event EAPOL_RX (23) received
1741014899.846712: No STA-specific hostapd instance for EAPOL RX found - fall back to initial context
1741014899.846754: IEEE 802.1X: 1412 bytes from 08:00:27:3b:09:f5 (encrypted=-1)
1741014899.846793:    IEEE 802.1X: version=2 type=0 length=1408
1741014899.846831: EAP: code=2 (response) identifier=232 length=1408
1741014899.846873: 1741014899.846874: enp0s10: STA 08:00:27:3b:09:f5 IEEE 802.1X: received EAP packet (code=2 id=232 len=1408) from STA: EAP Response-TLS (13)
1741014899.847115: IEEE 802.1X: 08:00:27:3b:09:f5 BE_AUTH entering state RESPONSE
1741014899.847189: EAP: EAP entering state RECEIVED2
1741014899.847228: EAP: parseEapResp: rxResp=1 rxInitiate=0 respId=232 respMethod=13 respVendor=0 respVendorMethod=0
1741014899.847284: EAP: EAP entering state AAA_REQUEST
1741014899.847329: EAP: EAP entering state AAA_IDLE
1741014899.847371: Encapsulating EAP message into a RADIUS packet
1741014899.847458: Copied RADIUS State Attribute
1741014899.847621: 1741014899.847621: enp0s10: RADIUS Sending RADIUS message to authentication server
1741014899.847780: RADIUS message: code=1 (Access-Request) identifier=11 length=1598
1741014899.847843:    Attribute 80 (Message-Authenticator) length=18
1741014899.847886:       Value: 277a459539c17277c53a35989a61d511
1741014899.847926:    Attribute 1 (User-Name) length=18
1741014899.847965:       Value: 'user@example.org'
1741014899.848006:    Attribute 4 (NAS-IP-Address) length=6
1741014899.848065:       Value: 192.168.58.100
1741014899.848105:    Attribute 30 (Called-Station-Id) length=20
1741014899.848144:       Value: '08-00-27-CF-14-FC:'
1741014899.848185:    Attribute 61 (NAS-Port-Type) length=6
1741014899.848236:       Value: 19
1741014899.848285:    Attribute 6 (Service-Type) length=6
1741014899.848324:       Value: 2
1741014899.848417:    Attribute 31 (Calling-Station-Id) length=19
1741014899.848457:       Value: '08-00-27-3B-09-F5'
1741014899.848499:    Attribute 77 (Connect-Info) length=23
1741014899.848536:       Value: 'CONNECT 0Mbps 802.11b'
1741014899.848575:    Attribute 44 (Acct-Session-Id) length=18
1741014899.848614:       Value: '3E69E75A920A2861'
1741014899.848652:    Attribute 12 (Framed-MTU) length=6
1741014899.848689:       Value: 1400
1741014899.848727:    Attribute 79 (EAP-Message) length=255
1741014899.848784:       Value: 02e805800dc000000a8f16030309200b00091c00091900041530820411308202f9a003020102020102300d06092a864886f70d01010b0500308193310b3009060355040613024652310f300d06035504080c065261646975733112301006035504070c09536f6d65776865726531153013060355040a0c0c4578616d706c6520496e632e3120301e06092a864886f70d010901161161646d696e406578616d706c652e6f72673126302406035504030c1d4578616d706c6520436572746966696361746520417574686f72697479301e170d3235303330333132343633375a170d3235303530323132343633375a3071310b3009060355040613024652
1741014899.848824:    Attribute 79 (EAP-Message) length=255
1741014899.848880:       Value: 310f300d06035504080c0652616469757331153013060355040a0c0c4578616d706c6520496e632e3119301706035504030c1075736572406578616d706c652e6f7267311f301d06092a864886f70d010901161075736572406578616d706c652e6f726730820122300d06092a864886f70d01010105000382010f003082010a0282010100d12506e246c4d390e9c3c51a7e0384767b10302aa4cbb44b6792de7e817ec5db194bcd7fc05b13331165c252df63ba6477724f300f9eb7f3f60da7aa777d1c601a4055be51023955b6c468377a007f3a22136735ca7c2558ea7a0bf531a61c967143d1c74d6812c60208c9b7b09ba49b0cfad1277d2f39f0
1741014899.848920:    Attribute 79 (EAP-Message) length=255
1741014899.848977:       Value: d08c3317c695c65d5ed7fef43e173b72ca1df99b38173a718ac84475639959e33c4132dd9147eccabd74cedee7cec4d78cd9bb508e8d4619f983abd37a889a247320bbc95427642be924ee28808232eb4e258684bb0c1f462bd2b215c9e4ce0e6dc98f620e3b881bb01d4741822201a15974b27b863e54c1baa27486baa42efec46dbb8d4d620be30203010001a3819030818d30130603551d25040c300a06082b0601050507030230360603551d1f042f302d302ba029a0278625687474703a2f2f7777772e6578616d706c652e636f6d2f6578616d706c655f63612e63726c301d0603551d0e04160414d2ed4efcb1510f0a04ba5734405498353b9c
1741014899.849016:    Attribute 79 (EAP-Message) length=255
1741014899.849070:       Value: c591301f0603551d230418301680146b1605742c90aee1f8687b497e66d1ce96d71135300d06092a864886f70d01010b050003820101008c222c48bdd0e1da67ab7e5f3aa9aa38d23cce131319ff3e3c6ac2b2af46b6fc6180be44d40e7d52c01fcc83814dbc78b4375b7321e44f9f981c816c839eeef3c916a52df522a653dad3bb0bdac982b33bc915b9619b22e2fa7fb5d75f154ce658dd7ed3bf6db817e80e877b337ab0074b9301d96995e2c3bf64804147cb78d25863431a2654096cbbe82caeff1f20e873246bfb5fc11dfd96babb4319c96bce4ad352417a8dd151b8e038b0495459965fc46c6fcd02f907d0cff803b5568e40711109a80d8d
1741014899.849109:    Attribute 79 (EAP-Message) length=255
1741014899.849166:       Value: 37c40fd4d1fd04cf78be3349af71079a42b8dd34660d5c4ccd31943af96f1caee630b44241a99fe9bb1105ad28fa6c7b41b5b0202d858e824f4b0004fe308204fa308203e2a00302010202145f94ac48a74cbabc4bde9d6bbdf038e8194c70c1300d06092a864886f70d01010b0500308193310b3009060355040613024652310f300d06035504080c065261646975733112301006035504070c09536f6d65776865726531153013060355040a0c0c4578616d706c6520496e632e3120301e06092a864886f70d010901161161646d696e406578616d706c652e6f72673126302406035504030c1d4578616d706c652043657274696669636174652041
1741014899.849205:    Attribute 79 (EAP-Message) length=145
1741014899.849252:       Value: 7574686f72697479301e170d3235303330333132343633365a170d3235303530323132343633365a308193310b3009060355040613024652310f300d06035504080c065261646975733112301006035504070c09536f6d65776865726531153013060355040a0c0c4578616d706c6520496e632e3120301e06092a864886f70d010901161161646d696e406578616d
1741014899.849291:    Attribute 24 (State) length=18
1741014899.849330:       Value: 1b8b24da186329fc407292bb3210fdf5
1741014899.849368: RADIUS: Send 1598 bytes to the server
1741014899.849438: 1741014899.849438: enp0s10: RADIUS Next RADIUS client retransmit in 3 seconds
1741014899.854660: 1741014899.854661: enp0s10: RADIUS Received 64 bytes from RADIUS server
1741014899.854943: 1741014899.854944: enp0s10: RADIUS Received RADIUS message
1741014899.855131: RADIUS message: code=11 (Access-Challenge) identifier=11 length=64
1741014899.855200:    Attribute 80 (Message-Authenticator) length=18
1741014899.855249:       Value: 0f868a54e997bdfad9a2963ef29e1e0d
1741014899.855294:    Attribute 79 (EAP-Message) length=8
1741014899.855340:       Value: 01e900060d00
1741014899.855384:    Attribute 24 (State) length=18
1741014899.855427:       Value: 1b8b24da1f6229fc407292bb3210fdf5
1741014899.855473: 1741014899.855474: enp0s10: STA 08:00:27:3b:09:f5 RADIUS: Received RADIUS packet matched with a pending request, round trip time 0.00 sec
1741014899.855646: RADIUS packet matching with station 08:00:27:3b:09:f5
1741014899.855704: 1741014899.855704: enp0s10: STA 08:00:27:3b:09:f5 IEEE 802.1X: decapsulated EAP packet (code=1 id=233 len=6) from RADIUS server: EAP-Request-TLS (13)
1741014899.855856: EAP: EAP entering state AAA_RESPONSE
1741014899.855908: EAP: getId: id=233
1741014899.855949: EAP: EAP entering state SEND_REQUEST2
1741014899.855996: EAP: EAP entering state IDLE2
1741014899.856056: EAP: retransmit timeout 3 seconds (from dynamic back off; retransCount=0)
1741014899.856099: IEEE 802.1X: 08:00:27:3b:09:f5 BE_AUTH entering state REQUEST
1741014899.856144: 1741014899.856144: enp0s10: STA 08:00:27:3b:09:f5 IEEE 802.1X: Sending EAP Packet (identifier 233)
1741014899.857400: Received EAPOL packet
1741014899.857470: enp0s10: Event NEW_STA (22) received
1741014899.857520: enp0s10: Event EAPOL_RX (23) received
1741014899.857562: No STA-specific hostapd instance for EAPOL RX found - fall back to initial context
1741014899.857605: IEEE 802.1X: 1315 bytes from 08:00:27:3b:09:f5 (encrypted=-1)
1741014899.857651:    IEEE 802.1X: version=2 type=0 length=1311
1741014899.857694: EAP: code=2 (response) identifier=233 length=1311
1741014899.857739: 1741014899.857739: enp0s10: STA 08:00:27:3b:09:f5 IEEE 802.1X: received EAP packet (code=2 id=233 len=1311) from STA: EAP Response-TLS (13)
1741014899.857894: IEEE 802.1X: 08:00:27:3b:09:f5 BE_AUTH entering state RESPONSE
1741014899.857949: EAP: EAP entering state RECEIVED2
1741014899.857992: EAP: parseEapResp: rxResp=1 rxInitiate=0 respId=233 respMethod=13 respVendor=0 respVendorMethod=0
1741014899.858035: EAP: EAP entering state AAA_REQUEST
1741014899.858079: EAP: EAP entering state AAA_IDLE
1741014899.858121: Encapsulating EAP message into a RADIUS packet
1741014899.858210: Copied RADIUS State Attribute
1741014899.858277: 1741014899.858278: enp0s10: RADIUS Sending RADIUS message to authentication server
1741014899.858414: RADIUS message: code=1 (Access-Request) identifier=12 length=1501
1741014899.858463:    Attribute 80 (Message-Authenticator) length=18
1741014899.858506:       Value: 5a931ee40408c8718d4b37e225d79409
1741014899.858544:    Attribute 1 (User-Name) length=18
1741014899.858583:       Value: 'user@example.org'
1741014899.858622:    Attribute 4 (NAS-IP-Address) length=6
1741014899.858661:       Value: 192.168.58.100
1741014899.858699:    Attribute 30 (Called-Station-Id) length=20
1741014899.858740:       Value: '08-00-27-CF-14-FC:'
1741014899.858778:    Attribute 61 (NAS-Port-Type) length=6
1741014899.858816:       Value: 19
1741014899.858854:    Attribute 6 (Service-Type) length=6
1741014899.858892:       Value: 2
1741014899.858940:    Attribute 31 (Calling-Station-Id) length=19
1741014899.858985:       Value: '08-00-27-3B-09-F5'
1741014899.859025:    Attribute 77 (Connect-Info) length=23
1741014899.859064:       Value: 'CONNECT 0Mbps 802.11b'
1741014899.859106:    Attribute 44 (Acct-Session-Id) length=18
1741014899.859144:       Value: '3E69E75A920A2861'
1741014899.859181:    Attribute 12 (Framed-MTU) length=6
1741014899.859219:       Value: 1400
1741014899.859257:    Attribute 79 (EAP-Message) length=255
1741014899.859312:       Value: 02e9051f0d00706c652e6f72673126302406035504030c1d4578616d706c6520436572746966696361746520417574686f7269747930820122300d06092a864886f70d01010105000382010f003082010a0282010100b22c849c5c3293029ab62739544eb38827f305d4935b2932c1d56e0f486751406caf648ce12891e867b2599b051d02c4165ac314bb3a8d2b8a4786e829780f20b935ce792b43bdbeac45759f352ba7c1a2bf9c8e33d4701004c189f80dc1257e432fcb879df7f2cff3bab5d847d4ba791155c09f873a748e9f3f887a47070f4a418623aba05700732c6fe8898a4dc714cc00665c2724e1f0a68464edaa098901a85e07adff4b43
1741014899.859426:    Attribute 79 (EAP-Message) length=255
1741014899.859477:       Value: d70399cd84ff4f3fc9e31f3abf8b027b29426956bae4afe0b1fa7f6392c3705ad56d9944f6f8c71923b1896476394b21ec629b1ee8edb1790b9f19cc8e1a5a73032a8ffb766da7d7aa3589c2294b8d5961233f397745e0577f0203010001a38201423082013e301d0603551d0e041604146b1605742c90aee1f8687b497e66d1ce96d711353081d30603551d230481cb3081c880146b1605742c90aee1f8687b497e66d1ce96d71135a18199a48196308193310b3009060355040613024652310f300d06035504080c065261646975733112301006035504070c09536f6d65776865726531153013060355040a0c0c4578616d706c6520496e632e3120
1741014899.859509:    Attribute 79 (EAP-Message) length=255
1741014899.859556:       Value: 301e06092a864886f70d010901161161646d696e406578616d706c652e6f72673126302406035504030c1d4578616d706c6520436572746966696361746520417574686f7269747982145f94ac48a74cbabc4bde9d6bbdf038e8194c70c1300f0603551d130101ff040530030101ff30360603551d1f042f302d302ba029a0278625687474703a2f2f7777772e6578616d706c652e6f72672f6578616d706c655f63612e63726c300d06092a864886f70d01010b05000382010100240eebd478cae18e97bbd47019425fff55088f75e2c6876a8dcc342b4f172b0082cc1266546cf9392eaf79a1d72c07c84341225cb53ae618b3c76006e298e3e3703d
1741014899.859587:    Attribute 79 (EAP-Message) length=255
1741014899.859635:       Value: 43543e50c06664d97e4c5b9f2263f982ad3ef1ae6feea4096366db5bd6b3c7b9077ff242684329f9cb3d3e8a950961654dae9ae8369a156f6ea18a7b1cf688c3cb082df1fe25f331272fa0f410972b3058cdef518d5f7f2e27209126325bed5ea0e20ddf61f8703f158da0ac74b3a57dd1309ecea087836e963b25274a2ca1e9fe60be7e43bad95be2e225b0ea9aa0c559f95c56e5028f66437ee5c4de165e32c78f08005e0103553ae95cfab0cb62bd4e6a812b796e9f2ca20249ff040016030300251000002120c07a4e4e54104cbef3f7ac931ae3e96353341c6f3bd878744608f16d89bead2c16030301080f00010408040100becb9903c29601e3
1741014899.859667:    Attribute 79 (EAP-Message) length=255
1741014899.859708:       Value: c9188bf05d31fc01267c7994388d31e5fe0f6711257558a3d815a7e482ac66a9cdc9dd6b94436ecf7b7ed7f6feca0302ac05172bab1f3d43e8991d07296a6fe80bd0e88a688e83d2a04aa164a4633b125dda17f5e3c2b2d5063c2b6ef70a738b8b2db43c71b9ef50bfdb5e7f3240b6b3fc8361fd33ba517678de6aeecd01c6c826a23497b3d7d93a17f4e0baa78702ab97ddc2409479947a4e2a314d22d16f56ab0eb33b4f98408d5ba8d42233ab16135e3308071430fd3961cdd1d61ef910329ba29ccfcad1fd71a879d6099a136c7eaff87e208b6a676356abc1befc8d37d040035f2aa25cc771c9ad5ce872ccdb40d6cefb9ef11192961403030001
1741014899.859740:    Attribute 79 (EAP-Message) length=48
1741014899.859768:       Value: 011603030028f19cdbc48dae2dd0e07318303ee1c2765505699b58eb64493dacce8467e377b559521c69ffc0f130
1741014899.859794:    Attribute 24 (State) length=18
1741014899.859826:       Value: 1b8b24da1f6229fc407292bb3210fdf5
1741014899.859852: RADIUS: Send 1501 bytes to the server
1741014899.859915: 1741014899.859916: enp0s10: RADIUS Next RADIUS client retransmit in 3 seconds
1741014899.870594: 1741014899.870596: enp0s10: RADIUS Received 119 bytes from RADIUS server
1741014899.870955: 1741014899.870956: enp0s10: RADIUS Received RADIUS message
1741014899.871105: RADIUS message: code=11 (Access-Challenge) identifier=12 length=119
1741014899.871147:    Attribute 80 (Message-Authenticator) length=18
1741014899.871208:       Value: 549f90d86010d54ee85acd9efe3187e5
1741014899.871279:    Attribute 79 (EAP-Message) length=63
1741014899.871333:       Value: 01ea003d0d800000003314030300010116030300282a8ecd80dfcca0dbcbd5ba283ec308ce3d56538406510110f15986ebe43201450ee4f73a4946e4d8
1741014899.871382:    Attribute 24 (State) length=18
1741014899.871445:       Value: 1b8b24da1e6129fc407292bb3210fdf5
1741014899.871487: 1741014899.871488: enp0s10: STA 08:00:27:3b:09:f5 RADIUS: Received RADIUS packet matched with a pending request, round trip time 0.01 sec
1741014899.871871: RADIUS packet matching with station 08:00:27:3b:09:f5
1741014899.871950: 1741014899.871951: enp0s10: STA 08:00:27:3b:09:f5 IEEE 802.1X: decapsulated EAP packet (code=1 id=234 len=61) from RADIUS server: EAP-Request-TLS (13)
1741014899.872197: EAP: EAP entering state AAA_RESPONSE
1741014899.872258: EAP: getId: id=234
1741014899.872304: EAP: EAP entering state SEND_REQUEST2
1741014899.872349: EAP: EAP entering state IDLE2
1741014899.872395: EAP: retransmit timeout 3 seconds (from dynamic back off; retransCount=0)
1741014899.872444: IEEE 802.1X: 08:00:27:3b:09:f5 BE_AUTH entering state REQUEST
1741014899.872499: 1741014899.872499: enp0s10: STA 08:00:27:3b:09:f5 IEEE 802.1X: Sending EAP Packet (identifier 234)
1741014899.875347: Received EAPOL packet
1741014899.875409: enp0s10: Event NEW_STA (22) received
1741014899.875455: enp0s10: Event EAPOL_RX (23) received
1741014899.875500: No STA-specific hostapd instance for EAPOL RX found - fall back to initial context
1741014899.875550: IEEE 802.1X: 46 bytes from 08:00:27:3b:09:f5 (encrypted=-1)
1741014899.875595:    IEEE 802.1X: version=2 type=0 length=6
1741014899.875636:    ignoring 36 extra octets after IEEE 802.1X packet
1741014899.875681: EAP: code=2 (response) identifier=234 length=6
1741014899.875733: 1741014899.875734: enp0s10: STA 08:00:27:3b:09:f5 IEEE 802.1X: received EAP packet (code=2 id=234 len=6) from STA: EAP Response-TLS (13)
1741014899.876005: IEEE 802.1X: 08:00:27:3b:09:f5 BE_AUTH entering state RESPONSE
1741014899.876101: EAP: EAP entering state RECEIVED2
1741014899.876145: EAP: parseEapResp: rxResp=1 rxInitiate=0 respId=234 respMethod=13 respVendor=0 respVendorMethod=0
1741014899.876191: EAP: EAP entering state AAA_REQUEST
1741014899.876237: EAP: EAP entering state AAA_IDLE
1741014899.876285: Encapsulating EAP message into a RADIUS packet
1741014899.876393: Copied RADIUS State Attribute
1741014899.876476: 1741014899.876477: enp0s10: RADIUS Sending RADIUS message to authentication server
1741014899.876696: RADIUS message: code=1 (Access-Request) identifier=13 length=186
1741014899.876760:    Attribute 80 (Message-Authenticator) length=18
1741014899.876813:       Value: 4fa19f8d65f71371d99eaae0600860cb
1741014899.876855:    Attribute 1 (User-Name) length=18
1741014899.876901:       Value: 'user@example.org'
1741014899.876943:    Attribute 4 (NAS-IP-Address) length=6
1741014899.876993:       Value: 192.168.58.100
1741014899.877041:    Attribute 30 (Called-Station-Id) length=20
1741014899.877086:       Value: '08-00-27-CF-14-FC:'
1741014899.877128:    Attribute 61 (NAS-Port-Type) length=6
1741014899.877176:       Value: 19
1741014899.877220:    Attribute 6 (Service-Type) length=6
1741014899.877264:       Value: 2
1741014899.877306:    Attribute 31 (Calling-Station-Id) length=19
1741014899.877350:       Value: '08-00-27-3B-09-F5'
1741014899.877395:    Attribute 77 (Connect-Info) length=23
1741014899.877477:       Value: 'CONNECT 0Mbps 802.11b'
1741014899.877524:    Attribute 44 (Acct-Session-Id) length=18
1741014899.877569:       Value: '3E69E75A920A2861'
1741014899.877612:    Attribute 12 (Framed-MTU) length=6
1741014899.877689:       Value: 1400
1741014899.877733:    Attribute 79 (EAP-Message) length=8
1741014899.877778:       Value: 02ea00060d00
1741014899.877819:    Attribute 24 (State) length=18
1741014899.877860:       Value: 1b8b24da1e6129fc407292bb3210fdf5
1741014899.877906: RADIUS: Send 186 bytes to the server
1741014899.877978: 1741014899.877978: enp0s10: RADIUS Next RADIUS client retransmit in 3 seconds
1741014899.882590: 1741014899.882592: enp0s10: RADIUS Received 184 bytes from RADIUS server
1741014899.883252: 1741014899.883254: enp0s10: RADIUS Received RADIUS message
1741014899.883534: RADIUS message: code=2 (Access-Accept) identifier=13 length=184
1741014899.883639:    Attribute 80 (Message-Authenticator) length=18
1741014899.883704:       Value: 75d0321aba56d3a8e25477d486f6b0fd
1741014899.883759:    Attribute 26 (Vendor-Specific) length=58
1741014899.883828:       Value: 00000137113496e670d1c4f09f62680118372e0851c9aaff9e0fbb9ff0ee91b2e9e12f8a4c56177d9f3c8bcec60e4f0e7841e31b4136aa06
1741014899.883954:    Attribute 26 (Vendor-Specific) length=58
1741014899.884038:       Value: 000001371034998e2a03ca1da04f219505ff8a26298b8b0ee9a115991c846ad7479ab2e5e6438c1b912c3a7320b77c04bd6aa51b00e97f94
1741014899.884095:    Attribute 79 (EAP-Message) length=6
1741014899.884157:       Value: 03ea0004
1741014899.884206:    Attribute 1 (User-Name) length=18
1741014899.884263:       Value: 'user@example.org'
1741014899.884314:    Attribute 12 (Framed-MTU) length=6
1741014899.884368:       Value: 994
1741014899.884424: 1741014899.884425: enp0s10: STA 08:00:27:3b:09:f5 RADIUS: Received RADIUS packet matched with a pending request, round trip time 0.00 sec
1741014899.884714: RADIUS packet matching with station 08:00:27:3b:09:f5
1741014899.884795: MS-MPPE-Send-Key - hexdump(len=32): f6 19 37 17 74 06 9f f1 4b 94 70 a9 52 59 35 d7 0e ce 70 05 cd 6a 00 9d 17 a1 b6 f4 49 b4 bc 15
1741014899.884857: MS-MPPE-Recv-Key - hexdump(len=32): 9b d0 a2 b6 ed 8a 8f 50 bc e3 29 2c 77 89 15 63 20 fd 5f c8 e4 38 45 3a ca a8 ab 76 4b f5 7e cc
1741014899.884921: 1741014899.884921: enp0s10: STA 08:00:27:3b:09:f5 IEEE 802.1X: old identity 'user@example.org' updated with User-Name from Access-Accept 'user@example.org'
1741014899.885172: 1741014899.885173: enp0s10: STA 08:00:27:3b:09:f5 IEEE 802.1X: decapsulated EAP packet (code=3 id=234 len=4) from RADIUS server: EAP Success
1741014899.885437: EAP: EAP entering state SUCCESS2
1741014899.885550: enp0s10: CTRL-EVENT-EAP-SUCCESS2 08:00:27:3b:09:f5
1741014899.885611: IEEE 802.1X: 08:00:27:3b:09:f5 BE_AUTH entering state SUCCESS
1741014899.885673: 1741014899.885681: enp0s10: STA 08:00:27:3b:09:f5 IEEE 802.1X: Sending EAP Packet (identifier 234)
1741014899.885966: IEEE 802.1X: 08:00:27:3b:09:f5 AUTH_PAE entering state AUTHENTICATED
1741014899.886074: 1741014899.886075: enp0s10: STA 08:00:27:3b:09:f5 IEEE 802.1X: authorizing port
1741014899.886321: 1741014899.886322: enp0s10: STA 08:00:27:3b:09:f5 RADIUS: starting accounting session 3E69E75A920A2861
1741014899.886577: 1741014899.886578: enp0s10: STA 08:00:27:3b:09:f5 IEEE 802.1X: authenticated - EAP type: 13 (TLS)
1741014899.886808: IEEE 802.1X: 08:00:27:3b:09:f5 BE_AUTH entering state IDLE
1741014902.793492: IEEE 802.1X: 08:00:27:3b:09:f5 - (EAP) retransWhile --> 0
1741014929.818530: IEEE 802.1X: 08:00:27:3b:09:f5 - aWhile --> 0
