-----------------------------------------------------------
Server listening on 5201
-----------------------------------------------------------
Accepted connection from 10.46.0.3, port 38846
[ 12] local 10.46.0.1 port 5201 connected to 10.46.0.3 port 38848
[ 14] local 10.46.0.1 port 5201 connected to 10.46.0.3 port 38864
[ ID][Role] Interval           Transfer     Bitrate         Retr  Cwnd
[ 12][RX-S]   0.00-1.00   sec   528 KBytes  4.32 Mbits/sec                  
[ 14][TX-S]   0.00-1.00   sec   814 KBytes  6.66 Mbits/sec    0   64.5 KBytes       
[ 12][RX-S]   1.00-2.00   sec   611 KBytes  5.01 Mbits/sec                  
[ 14][TX-S]   1.00-2.00   sec   790 KBytes  6.47 Mbits/sec    0   98.7 KBytes       
[ 12][RX-S]   2.00-3.00   sec   729 KBytes  5.97 Mbits/sec                  
[ 14][TX-S]   2.00-3.00   sec  1011 KBytes  8.28 Mbits/sec    0    142 KBytes       
[ 12][RX-S]   3.00-4.00   sec   642 KBytes  5.26 Mbits/sec                  
[ 14][TX-S]   3.00-4.00   sec   632 KBytes  5.18 Mbits/sec    0    176 KBytes       
[ 12][RX-S]   4.00-5.00   sec   537 KBytes  4.38 Mbits/sec                  
[ 14][TX-S]   4.00-5.00   sec   758 KBytes  6.19 Mbits/sec    0    209 KBytes       
[ 12][RX-S]   5.00-6.00   sec   561 KBytes  4.61 Mbits/sec                  
[ 14][TX-S]   5.00-6.00   sec   821 KBytes  6.76 Mbits/sec    0    242 KBytes       
[ 12][RX-S]   6.00-7.00   sec   613 KBytes  5.02 Mbits/sec                  
[ 14][TX-S]   6.00-7.00   sec   632 KBytes  5.17 Mbits/sec    0    274 KBytes       
[ 12][RX-S]   7.00-8.00   sec   492 KBytes  4.03 Mbits/sec                  
[ 14][TX-S]   7.00-8.00   sec   695 KBytes  5.69 Mbits/sec    0    303 KBytes       
[ 12][RX-S]   8.00-9.00   sec   603 KBytes  4.94 Mbits/sec                  
[ 14][TX-S]   8.00-9.00   sec   821 KBytes  6.73 Mbits/sec    0    367 KBytes       
[ 12][RX-S]   9.00-10.00  sec   581 KBytes  4.76 Mbits/sec                  
[ 14][TX-S]   9.00-10.00  sec   506 KBytes  4.14 Mbits/sec    0    470 KBytes       
[ 12][RX-S]  10.00-10.44  sec   262 KBytes  4.89 Mbits/sec                  
[ 14][TX-S]  10.00-10.44  sec   569 KBytes  10.6 Mbits/sec    0    521 KBytes       
- - - - - - - - - - - - - - - - - - - - - - - - -
[ ID][Role] Interval           Transfer     Bitrate         Retr
[ 12][RX-S]   0.00-10.44  sec  6.02 MBytes  4.83 Mbits/sec                  receiver
[ 14][TX-S]   0.00-10.44  sec  7.86 MBytes  6.32 Mbits/sec    0             sender
-----------------------------------------------------------
Server listening on 5201
-----------------------------------------------------------
iperf3: interrupt - the server has terminated
